Log file open, 02/05/19 23:51:07
LogWindows: Failed to load 'aqProf.dll' (GetLastError=126)
LogWindows: File 'aqProf.dll' does not exist
LogWindows: Failed to load 'VtuneApi.dll' (GetLastError=126)
LogWindows: File 'VtuneApi.dll' does not exist
LogWindows: Failed to load 'VtuneApi32e.dll' (GetLastError=126)
LogWindows: File 'VtuneApi32e.dll' does not exist
LogConsoleResponse: Display: Failed to find resolution value strings in scalability ini. Falling back to default.
LogInit: Display: Running engine for game: Pinball
LogPakFile: Registered encryption key '00000000000000000000000000000000': 0 pak files mounted, 0 remain pending
LogPlatformFile: Not using cached read wrapper
LogTaskGraph: Started task graph with 5 named threads and 14 total threads with 3 sets of task threads.
LogStats: Stats thread started at 0.207718
LogD3D11RHI: Loaded GFSDK_Aftermath_Lib.x64.dll
LogICUInternationalization: ICU TimeZone Detection - Raw Offset: +1:00, Platform Override: ''
LogPluginManager: Mounting plugin Paper2D
LogPluginManager: Mounting plugin AISupport
LogPluginManager: Mounting plugin LightPropagationVolume
LogPluginManager: Mounting plugin ActorLayerUtilities
LogPluginManager: Mounting plugin CLionSourceCodeAccess
LogPluginManager: Mounting plugin CodeLiteSourceCodeAccess
LogPluginManager: Mounting plugin GitSourceControl
LogPluginManager: Mounting plugin KDevelopSourceCodeAccess
LogPluginManager: Mounting plugin NullSourceCodeAccess
LogPluginManager: Mounting plugin PerforceSourceControl
LogPluginManager: Mounting plugin SubversionSourceControl
LogPluginManager: Mounting plugin UObjectPlugin
LogPluginManager: Mounting plugin VisualStudioCodeSourceCodeAccess
LogPluginManager: Mounting plugin VisualStudioSourceCodeAccess
LogPluginManager: Mounting plugin XCodeSourceCodeAccess
LogPluginManager: Mounting plugin AssetManagerEditor
LogPluginManager: Mounting plugin CryptoKeys
LogPluginManager: Mounting plugin DataValidation
LogPluginManager: Mounting plugin FacialAnimation
LogPluginManager: Mounting plugin GameplayTagsEditor
LogPluginManager: Mounting plugin MacGraphicsSwitching
LogPluginManager: Mounting plugin MeshEditor
LogPluginManager: Mounting plugin MobileLauncherProfileWizard
LogPluginManager: Mounting plugin PluginBrowser
LogPluginManager: Mounting plugin SpeedTreeImporter
LogPluginManager: Mounting plugin DatasmithContent
LogPluginManager: Mounting plugin VariantManagerContent
LogPluginManager: Mounting plugin AlembicImporter
LogPluginManager: Mounting plugin AppleImageUtils
LogPluginManager: Mounting plugin AppleVision
LogPluginManager: Mounting plugin BackChannel
LogPluginManager: Mounting plugin CharacterAI
LogPluginManager: Mounting plugin GeometryCache
LogPluginManager: Mounting plugin HTML5Networking
LogPluginManager: Mounting plugin ProxyLODPlugin
LogPluginManager: Mounting plugin MagicLeap
LogPluginManager: Mounting plugin MagicLeapMedia
LogPluginManager: Mounting plugin AndroidMedia
LogPluginManager: Mounting plugin AvfMedia
LogPluginManager: Mounting plugin ImgMedia
LogPluginManager: Mounting plugin LinearTimecode
LogPluginManager: Mounting plugin MediaCompositing
LogPluginManager: Mounting plugin MediaPlayerEditor
LogPluginManager: Mounting plugin WebMMedia
LogPluginManager: Mounting plugin WmfMedia
LogPluginManager: Mounting plugin TcpMessaging
LogPluginManager: Mounting plugin UdpMessaging
LogPluginManager: Mounting plugin ActorSequence
LogPluginManager: Mounting plugin LevelSequenceEditor
LogPluginManager: Mounting plugin MatineeToLevelSequence
LogPluginManager: Mounting plugin NetcodeUnitTest
LogPluginManager: Mounting plugin NUTUnrealEngine4
LogPluginManager: Mounting plugin OnlineSubsystemGooglePlay
LogPluginManager: Mounting plugin OnlineSubsystemIOS
LogPluginManager: Mounting plugin OnlineSubsystem
LogPluginManager: Mounting plugin OnlineSubsystemNull
LogPluginManager: Mounting plugin OnlineSubsystemUtils
LogPluginManager: Mounting plugin LauncherChunkInstaller
LogPluginManager: Mounting plugin AndroidDeviceProfileSelector
LogPluginManager: Mounting plugin AndroidMoviePlayer
LogPluginManager: Mounting plugin AndroidPermission
LogPluginManager: Mounting plugin AppleMoviePlayer
LogPluginManager: Mounting plugin ArchVisCharacter
LogPluginManager: Mounting plugin AudioCapture
LogPluginManager: Mounting plugin CableComponent
LogPluginManager: Mounting plugin CustomMeshComponent
LogPluginManager: Mounting plugin EditableMesh
LogPluginManager: Mounting plugin ExampleDeviceProfileSelector
LogPluginManager: Mounting plugin Firebase
LogPluginManager: Mounting plugin GoogleCloudMessaging
LogPluginManager: Mounting plugin IOSDeviceProfileSelector
LogPluginManager: Mounting plugin LinuxDeviceProfileSelector
LogPluginManager: Mounting plugin LocationServicesBPLibrary
LogPluginManager: Mounting plugin MobilePatchingUtils
LogPluginManager: Mounting plugin OculusVR
LogPluginManager: Mounting plugin PhysXVehicles
LogPluginManager: Mounting plugin ProceduralMeshComponent
LogPluginManager: Mounting plugin RuntimePhysXCooking
LogPluginManager: Mounting plugin SteamVR
LogPluginManager: Mounting plugin WebMMoviePlayer
LogPluginManager: Mounting plugin WindowsMoviePlayer
LogStreaming: Display: Took  0.132s to configure plugins.
LogInit: Using libcurl 7.55.1-DEV
LogInit:  - built for x86_64-pc-win32
LogInit:  - supports SSL with OpenSSL/1.0.2h
LogInit:  - supports HTTP deflate (compression) using libz 1.2.8
LogInit:  - other features:
LogInit:      CURL_VERSION_SSL
LogInit:      CURL_VERSION_LIBZ
LogInit:      CURL_VERSION_IPV6
LogInit:      CURL_VERSION_ASYNCHDNS
LogInit:      CURL_VERSION_LARGEFILE
LogInit:      CURL_VERSION_IDN
LogInit:  CurlRequestOptions (configurable via config and command line):
LogInit:  - bVerifyPeer = true  - Libcurl will verify peer certificate
LogInit:  - bUseHttpProxy = false  - Libcurl will NOT use HTTP proxy
LogInit:  - bDontReuseConnections = false  - Libcurl will reuse connections
LogInit:  - MaxHostConnections = 16  - Libcurl will limit the number of connections to a host
LogInit:  - LocalHostAddr = Default
LogInit:  - BufferSize = 65536
LogInit: WinSock: version 1.1 (2.2), MaxSocks=32767, MaxUdp=65467
LogInit: Build: ++UE4+Release-4.21-CL-4613538
LogInit: Engine Version: 4.21.1-4613538+++UE4+Release-4.21
LogInit: Compatible Engine Version: 4.21.0-4541578+++UE4+Release-4.21
LogInit: Net CL: 4541578
LogInit: OS: Windows 10 (), CPU: Intel(R) Core(TM) i5-7300HQ CPU @ 2.50GHz, GPU: Intel(R) HD Graphics 630
LogInit: Compiled (64-bit): Nov 30 2018 04:13:25
LogInit: Compiled with Visual C++: 19.13.26129.00
LogInit: Build Configuration: Development
LogInit: Branch Name: ++UE4+Release-4.21
LogInit: Command Line: 
LogInit: Base Directory: D:/EpicGames/Epic Games/UE_4.21/Engine/Binaries/Win64/
LogInit: Installed Engine Build: 1
LogDevObjectVersion: Number of dev versions registered: 22
LogDevObjectVersion:   Dev-Blueprints (B0D832E4-1F89-4F0D-ACCF-7EB736FD4AA2): 10
LogDevObjectVersion:   Dev-Build (E1C64328-A22C-4D53-A36C-8E866417BD8C): 0
LogDevObjectVersion:   Dev-Core (375EC13C-06E4-48FB-B500-84F0262A717E): 2
LogDevObjectVersion:   Dev-Editor (E4B068ED-F494-42E9-A231-DA0B2E46BB41): 26
LogDevObjectVersion:   Dev-Framework (CFFC743F-43B0-4480-9391-14DF171D2073): 34
LogDevObjectVersion:   Dev-Mobile (B02B49B5-BB20-44E9-A304-32B752E40360): 2
LogDevObjectVersion:   Dev-Networking (A4E4105C-59A1-49B5-A7C5-40C4547EDFEE): 0
LogDevObjectVersion:   Dev-Online (39C831C9-5AE6-47DC-9A44-9C173E1C8E7C): 0
LogDevObjectVersion:   Dev-Physics (78F01B33-EBEA-4F98-B9B4-84EACCB95AA2): 0
LogDevObjectVersion:   Dev-Platform (6631380F-2D4D-43E0-8009-CF276956A95A): 0
LogDevObjectVersion:   Dev-Rendering (12F88B9F-8875-4AFC-A67C-D90C383ABD29): 27
LogDevObjectVersion:   Dev-Sequencer (7B5AE74C-D270-4C10-A958-57980B212A5A): 9
LogDevObjectVersion:   Dev-VR (D7296918-1DD6-4BDD-9DE2-64A83CC13884): 2
LogDevObjectVersion:   Dev-LoadTimes (C2A15278-BFE7-4AFE-6C17-90FF531DF755): 1
LogDevObjectVersion:   Private-Geometry (6EACA3D4-40EC-4CC1-B786-8BED09428FC5): 3
LogDevObjectVersion:   Dev-AnimPhys (29E575DD-E0A3-4627-9D10-D276232CDCEA): 17
LogDevObjectVersion:   Dev-Anim (AF43A65D-7FD3-4947-9873-3E8ED9C1BB05): 2
LogDevObjectVersion:   Dev-ReflectionCapture (6B266CEC-1EC7-4B8F-A30B-E4D90942FC07): 1
LogDevObjectVersion:   Dev-Automation (0DF73D61-A23F-47EA-B727-89E90C41499A): 1
LogDevObjectVersion:   FortniteMain (601D1886-AC64-4F84-AA16-D3DE0DEAC7D6): 17
LogDevObjectVersion:   Dev-Enterprise (9DFFBCD6-494F-0158-E221-12823C92A888): 4
LogDevObjectVersion:   Dev-Niagara (F2AED0AC-9AFE-416F-8664-AA7FFA26D6FC): 1
LogStreaming: Display: Took  0.003s to delete old logs.
LogInit: Presizing for max 8388607 objects, including 0 objects not considered by GC, pre-allocating 0 bytes for permanent pool.
LogInit: Object subsystem initialized
LogConfig: Setting CVar [[con.DebugEarlyDefault:1]]
LogConfig: Setting CVar [[r.setres:1280x720]]
[2019.02.05-22.51.07:539][  0]LogConfig: Setting CVar [[r.VSync:0]]
[2019.02.05-22.51.07:539][  0]LogConfig: Setting CVar [[r.RHICmdBypass:0]]
[2019.02.05-22.51.07:539][  0]LogConfig: Applying CVar settings from Section [/Script/Engine.RendererSettings] File [D:/UnrealProjects/Pinball/Saved/Config/Windows/Engine.ini]
[2019.02.05-22.51.07:539][  0]LogConfig: Setting CVar [[r.GPUCrashDebugging:0]]
[2019.02.05-22.51.07:539][  0]LogConfig: Setting CVar [[r.MobileHDR:1]]
[2019.02.05-22.51.07:539][  0]LogConfig: Setting CVar [[r.Mobile.DisableVertexFog:1]]
[2019.02.05-22.51.07:539][  0]LogConfig: Setting CVar [[r.Shadow.CSM.MaxMobileCascades:2]]
[2019.02.05-22.51.07:539][  0]LogConfig: Setting CVar [[r.MobileMSAA:1]]
[2019.02.05-22.51.07:539][  0]LogConfig: Setting CVar [[r.Mobile.UseLegacyShadingModel:0]]
[2019.02.05-22.51.07:539][  0]LogConfig: Setting CVar [[r.Mobile.AllowDitheredLODTransition:0]]
[2019.02.05-22.51.07:539][  0]LogConfig: Setting CVar [[r.Mobile.AllowSoftwareOcclusion:0]]
[2019.02.05-22.51.07:539][  0]LogConfig: Setting CVar [[r.DiscardUnusedQuality:0]]
[2019.02.05-22.51.07:539][  0]LogConfig: Setting CVar [[r.AllowOcclusionQueries:1]]
[2019.02.05-22.51.07:539][  0]LogConfig: Setting CVar [[r.MinScreenRadiusForLights:0.030000]]
[2019.02.05-22.51.07:539][  0]LogConfig: Setting CVar [[r.MinScreenRadiusForDepthPrepass:0.030000]]
[2019.02.05-22.51.07:539][  0]LogConfig: Setting CVar [[r.MinScreenRadiusForCSMDepth:0.010000]]
[2019.02.05-22.51.07:539][  0]LogConfig: Setting CVar [[r.PrecomputedVisibilityWarning:0]]
[2019.02.05-22.51.07:539][  0]LogConfig: Setting CVar [[r.TextureStreaming:1]]
[2019.02.05-22.51.07:539][  0]LogConfig: Setting CVar [[Compat.UseDXT5NormalMaps:0]]
[2019.02.05-22.51.07:539][  0]LogConfig: Setting CVar [[r.ClearCoatNormal:0]]
[2019.02.05-22.51.07:539][  0]LogConfig: Setting CVar [[r.ReflectionCaptureResolution:128]]
[2019.02.05-22.51.07:540][  0]LogConfig: Setting CVar [[r.ReflectionEnvironmentLightmapMixBasedOnRoughness:1]]
[2019.02.05-22.51.07:540][  0]LogConfig: Setting CVar [[r.ForwardShading:0]]
[2019.02.05-22.51.07:540][  0]LogConfig: Setting CVar [[r.VertexFoggingForOpaque:1]]
[2019.02.05-22.51.07:540][  0]LogConfig: Setting CVar [[r.AllowStaticLighting:1]]
[2019.02.05-22.51.07:540][  0]LogConfig: Setting CVar [[r.NormalMapsForStaticLighting:0]]
[2019.02.05-22.51.07:540][  0]LogConfig: Setting CVar [[r.GenerateMeshDistanceFields:0]]
[2019.02.05-22.51.07:540][  0]LogConfig: Setting CVar [[r.DistanceFieldBuild.EightBit:0]]
[2019.02.05-22.51.07:540][  0]LogConfig: Setting CVar [[r.GenerateLandscapeGIData:0]]
[2019.02.05-22.51.07:540][  0]LogConfig: Setting CVar [[r.DistanceFieldBuild.Compress:0]]
[2019.02.05-22.51.07:540][  0]LogConfig: Setting CVar [[r.TessellationAdaptivePixelsPerTriangle:48.000000]]
[2019.02.05-22.51.07:540][  0]LogConfig: Setting CVar [[r.SeparateTranslucency:1]]
[2019.02.05-22.51.07:540][  0]LogConfig: Setting CVar [[r.TranslucentSortPolicy:0]]
[2019.02.05-22.51.07:540][  0]LogConfig: Setting CVar [[r.CustomDepth:1]]
[2019.02.05-22.51.07:540][  0]LogConfig: Setting CVar [[r.CustomDepthTemporalAAJitter:1]]
[2019.02.05-22.51.07:540][  0]LogConfig: Setting CVar [[r.PostProcessing.PropagateAlpha:0]]
[2019.02.05-22.51.07:540][  0]LogConfig: Setting CVar [[r.DOF.Algorithm:1]]
[2019.02.05-22.51.07:540][  0]LogConfig: Setting CVar [[r.DefaultFeature.Bloom:1]]
[2019.02.05-22.51.07:540][  0]LogConfig: Setting CVar [[r.DefaultFeature.AmbientOcclusion:1]]
[2019.02.05-22.51.07:540][  0]LogConfig: Setting CVar [[r.DefaultFeature.AmbientOcclusionStaticFraction:1]]
[2019.02.05-22.51.07:540][  0]LogConfig: Setting CVar [[r.DefaultFeature.AutoExposure:0]]
[2019.02.05-22.51.07:540][  0]LogConfig: Setting CVar [[r.DefaultFeature.AutoExposure.Method:0]]
[2019.02.05-22.51.07:540][  0]LogConfig: Setting CVar [[r.DefaultFeature.AutoExposure.ExtendDefaultLuminanceRange:0]]
[2019.02.05-22.51.07:540][  0]LogConfig: Setting CVar [[r.UsePreExposure:0]]
[2019.02.05-22.51.07:540][  0]LogConfig: Setting CVar [[r.DefaultFeature.MotionBlur:0]]
[2019.02.05-22.51.07:540][  0]LogConfig: Setting CVar [[r.DefaultFeature.LensFlare:0]]
[2019.02.05-22.51.07:540][  0]LogConfig: Setting CVar [[r.TemporalAA.Upsampling:0]]
[2019.02.05-22.51.07:540][  0]LogConfig: Setting CVar [[r.DefaultFeature.AntiAliasing:0]]
[2019.02.05-22.51.07:540][  0]LogConfig: Setting CVar [[r.DefaultFeature.LightUnits:1]]
[2019.02.05-22.51.07:540][  0]LogConfig: Setting CVar [[r.DefaultBackBufferPixelFormat:4]]
[2019.02.05-22.51.07:540][  0]LogConfig: Setting CVar [[r.Shadow.UnbuiltPreviewInGame:1]]
[2019.02.05-22.51.07:540][  0]LogConfig: Setting CVar [[r.StencilForLODDither:0]]
[2019.02.05-22.51.07:540][  0]LogConfig: Setting CVar [[r.EarlyZPass:3]]
[2019.02.05-22.51.07:540][  0]LogConfig: Setting CVar [[r.EarlyZPassMovable:1]]
[2019.02.05-22.51.07:540][  0]LogConfig: Setting CVar [[r.EarlyZPassOnlyMaterialMasking:0]]
[2019.02.05-22.51.07:540][  0]LogConfig: Setting CVar [[r.DBuffer:1]]
[2019.02.05-22.51.07:540][  0]LogConfig: Setting CVar [[r.ClearSceneMethod:1]]
[2019.02.05-22.51.07:540][  0]LogConfig: Setting CVar [[r.BasePassOutputsVelocity:0]]
[2019.02.05-22.51.07:540][  0]LogConfig: Setting CVar [[r.SelectiveBasePassOutputs:0]]
[2019.02.05-22.51.07:540][  0]LogConfig: Setting CVar [[fx.GPUSimulationTextureSizeX:1024]]
[2019.02.05-22.51.07:540][  0]LogConfig: Setting CVar [[fx.GPUSimulationTextureSizeY:1024]]
[2019.02.05-22.51.07:540][  0]LogConfig: Setting CVar [[r.AllowGlobalClipPlane:0]]
[2019.02.05-22.51.07:540][  0]LogConfig: Setting CVar [[r.GBufferFormat:1]]
[2019.02.05-22.51.07:540][  0]LogConfig: Setting CVar [[r.MorphTarget.Mode:1]]
[2019.02.05-22.51.07:540][  0]LogConfig: Setting CVar [[vr.InstancedStereo:0]]
[2019.02.05-22.51.07:540][  0]LogConfig: Setting CVar [[vr.MultiView:0]]
[2019.02.05-22.51.07:540][  0]LogConfig: Setting CVar [[vr.MobileMultiView:0]]
[2019.02.05-22.51.07:540][  0]LogConfig: Setting CVar [[vr.MobileMultiView.Direct:0]]
[2019.02.05-22.51.07:540][  0]LogConfig: Setting CVar [[vr.MonoscopicFarField:0]]
[2019.02.05-22.51.07:540][  0]LogConfig: Setting CVar [[vr.RoundRobinOcclusion:0]]
[2019.02.05-22.51.07:540][  0]LogConfig: Setting CVar [[vr.ODSCapture:0]]
[2019.02.05-22.51.07:540][  0]LogConfig: Setting CVar [[r.WireframeCullThreshold:5.000000]]
[2019.02.05-22.51.07:540][  0]LogConfig: Setting CVar [[r.SupportStationarySkylight:1]]
[2019.02.05-22.51.07:540][  0]LogConfig: Setting CVar [[r.SupportLowQualityLightmaps:1]]
[2019.02.05-22.51.07:540][  0]LogConfig: Setting CVar [[r.SupportPointLightWholeSceneShadows:1]]
[2019.02.05-22.51.07:540][  0]LogConfig: Setting CVar [[r.SupportAtmosphericFog:1]]
[2019.02.05-22.51.07:540][  0]LogConfig: Setting CVar [[r.SkinCache.CompileShaders:0]]
[2019.02.05-22.51.07:540][  0]LogConfig: Setting CVar [[r.Mobile.EnableStaticAndCSMShadowReceivers:1]]
[2019.02.05-22.51.07:540][  0]LogConfig: Setting CVar [[r.Mobile.EnableMovableLightCSMShaderCulling:1]]
[2019.02.05-22.51.07:540][  0]LogConfig: Setting CVar [[r.Mobile.AllowDistanceFieldShadows:1]]
[2019.02.05-22.51.07:540][  0]LogConfig: Setting CVar [[r.Mobile.AllowMovableDirectionalLights:1]]
[2019.02.05-22.51.07:540][  0]LogConfig: Setting CVar [[r.MobileNumDynamicPointLights:4]]
[2019.02.05-22.51.07:540][  0]LogConfig: Setting CVar [[r.MobileDynamicPointLightsUseStaticBranch:1]]
[2019.02.05-22.51.07:540][  0]LogConfig: Setting CVar [[r.SkinCache.SceneMemoryLimitInMB:128.000000]]
[2019.02.05-22.51.07:540][  0]LogConfig: Setting CVar [[r.GPUSkin.Limit2BoneInfluences:0]]
[2019.02.05-22.51.07:540][  0]LogConfig: Setting CVar [[r.SupportDepthOnlyIndexBuffers:1]]
[2019.02.05-22.51.07:540][  0]LogConfig: Setting CVar [[r.SupportReversedIndexBuffers:1]]
[2019.02.05-22.51.07:540][  0]LogConfig: Setting CVar [[r.SupportMaterialLayers:0]]
[2019.02.05-22.51.07:540][  0]LogConfig: Applying CVar settings from Section [/Script/Engine.RendererOverrideSettings] File [D:/UnrealProjects/Pinball/Saved/Config/Windows/Engine.ini]
[2019.02.05-22.51.07:540][  0]LogConfig: Applying CVar settings from Section [/Script/Engine.StreamingSettings] File [D:/UnrealProjects/Pinball/Saved/Config/Windows/Engine.ini]
[2019.02.05-22.51.07:540][  0]LogConfig: Setting CVar [[s.MinBulkDataSizeForAsyncLoading:131072]]
[2019.02.05-22.51.07:540][  0]LogConfig: Setting CVar [[s.AsyncLoadingThreadEnabled:0]]
[2019.02.05-22.51.07:540][  0]LogConfig: Setting CVar [[s.EventDrivenLoaderEnabled:1]]
[2019.02.05-22.51.07:540][  0]LogConfig: Setting CVar [[s.WarnIfTimeLimitExceeded:0]]
[2019.02.05-22.51.07:540][  0]LogConfig: Setting CVar [[s.TimeLimitExceededMultiplier:1.5]]
[2019.02.05-22.51.07:541][  0]LogConfig: Setting CVar [[s.TimeLimitExceededMinTime:0.005]]
[2019.02.05-22.51.07:541][  0]LogConfig: Setting CVar [[s.UseBackgroundLevelStreaming:1]]
[2019.02.05-22.51.07:541][  0]LogConfig: Setting CVar [[s.PriorityAsyncLoadingExtraTime:15.0]]
[2019.02.05-22.51.07:541][  0]LogConfig: Setting CVar [[s.LevelStreamingActorsUpdateTimeLimit:5.0]]
[2019.02.05-22.51.07:541][  0]LogConfig: Setting CVar [[s.PriorityLevelStreamingActorsUpdateExtraTime:5.0]]
[2019.02.05-22.51.07:541][  0]LogConfig: Setting CVar [[s.LevelStreamingComponentsRegistrationGranularity:10]]
[2019.02.05-22.51.07:541][  0]LogConfig: Setting CVar [[s.UnregisterComponentsTimeLimit:1.0]]
[2019.02.05-22.51.07:541][  0]LogConfig: Setting CVar [[s.LevelStreamingComponentsUnregistrationGranularity:5]]
[2019.02.05-22.51.07:541][  0]LogConfig: Applying CVar settings from Section [/Script/Engine.GarbageCollectionSettings] File [D:/UnrealProjects/Pinball/Saved/Config/Windows/Engine.ini]
[2019.02.05-22.51.07:541][  0]LogConfig: Setting CVar [[gc.MaxObjectsNotConsideredByGC:1]]
[2019.02.05-22.51.07:541][  0]LogConfig: Setting CVar [[gc.SizeOfPermanentObjectPool:0]]
[2019.02.05-22.51.07:541][  0]LogConfig: Setting CVar [[gc.FlushStreamingOnGC:0]]
[2019.02.05-22.51.07:541][  0]LogConfig: Setting CVar [[gc.NumRetriesBeforeForcingGC:10]]
[2019.02.05-22.51.07:541][  0]LogConfig: Setting CVar [[gc.AllowParallelGC:1]]
[2019.02.05-22.51.07:541][  0]LogConfig: Setting CVar [[gc.TimeBetweenPurgingPendingKillObjects:61.1]]
[2019.02.05-22.51.07:541][  0]LogConfig: Setting CVar [[gc.MaxObjectsInEditor:8388607]]
[2019.02.05-22.51.07:541][  0]LogConfig: Setting CVar [[gc.IncrementalBeginDestroyEnabled:1]]
[2019.02.05-22.51.07:541][  0]LogConfig: Setting CVar [[gc.CreateGCClusters:1]]
[2019.02.05-22.51.07:541][  0]LogConfig: Setting CVar [[gc.MergeGCClusters:0]]
[2019.02.05-22.51.07:541][  0]LogConfig: Setting CVar [[gc.MinGCClusterSize:5]]
[2019.02.05-22.51.07:541][  0]LogConfig: Setting CVar [[gc.ActorClusteringEnabled:0]]
[2019.02.05-22.51.07:541][  0]LogConfig: Setting CVar [[gc.BlueprintClusteringEnabled:0]]
[2019.02.05-22.51.07:541][  0]LogConfig: Setting CVar [[gc.UseDisregardForGCOnDedicatedServers:0]]
[2019.02.05-22.51.07:541][  0]LogConfig: Applying CVar settings from Section [/Script/Engine.NetworkSettings] File [D:/UnrealProjects/Pinball/Saved/Config/Windows/Engine.ini]
[2019.02.05-22.51.07:541][  0]LogConfig: Applying CVar settings from Section [/Script/UnrealEd.CookerSettings] File [D:/UnrealProjects/Pinball/Saved/Config/Windows/Engine.ini]
[2019.02.05-22.51.07:543][  0]LogConfig: Applying CVar settings from Section [ViewDistanceQuality@3] File [D:/UnrealProjects/Pinball/Saved/Config/Windows/Scalability.ini]
[2019.02.05-22.51.07:543][  0]LogConfig: Setting CVar [[r.SkeletalMeshLODBias:0]]
[2019.02.05-22.51.07:543][  0]LogConfig: Setting CVar [[r.ViewDistanceScale:1.0]]
[2019.02.05-22.51.07:543][  0]LogConfig: Applying CVar settings from Section [AntiAliasingQuality@3] File [D:/UnrealProjects/Pinball/Saved/Config/Windows/Scalability.ini]
[2019.02.05-22.51.07:543][  0]LogConfig: Setting CVar [[r.PostProcessAAQuality:4]]
[2019.02.05-22.51.07:543][  0]LogConfig: Applying CVar settings from Section [ShadowQuality@3] File [D:/UnrealProjects/Pinball/Saved/Config/Windows/Scalability.ini]
[2019.02.05-22.51.07:543][  0]LogConfig: Setting CVar [[r.LightFunctionQuality:1]]
[2019.02.05-22.51.07:543][  0]LogConfig: Setting CVar [[r.ShadowQuality:5]]
[2019.02.05-22.51.07:543][  0]LogConfig: Setting CVar [[r.Shadow.CSM.MaxCascades:10]]
[2019.02.05-22.51.07:543][  0]LogConfig: Setting CVar [[r.Shadow.MaxResolution:2048]]
[2019.02.05-22.51.07:543][  0]LogConfig: Setting CVar [[r.Shadow.MaxCSMResolution:2048]]
[2019.02.05-22.51.07:543][  0]LogConfig: Setting CVar [[r.Shadow.RadiusThreshold:0.01]]
[2019.02.05-22.51.07:543][  0]LogConfig: Setting CVar [[r.Shadow.DistanceScale:1.0]]
[2019.02.05-22.51.07:543][  0]LogConfig: Setting CVar [[r.Shadow.CSM.TransitionScale:1.0]]
[2019.02.05-22.51.07:543][  0]LogConfig: Setting CVar [[r.Shadow.PreShadowResolutionFactor:1.0]]
[2019.02.05-22.51.07:543][  0]LogConfig: Setting CVar [[r.DistanceFieldShadowing:1]]
[2019.02.05-22.51.07:543][  0]LogConfig: Setting CVar [[r.DistanceFieldAO:1]]
[2019.02.05-22.51.07:543][  0]LogConfig: Setting CVar [[r.AOQuality:2]]
[2019.02.05-22.51.07:543][  0]LogConfig: Setting CVar [[r.VolumetricFog:1]]
[2019.02.05-22.51.07:543][  0]LogConfig: Setting CVar [[r.VolumetricFog.GridPixelSize:8]]
[2019.02.05-22.51.07:543][  0]LogConfig: Setting CVar [[r.VolumetricFog.GridSizeZ:128]]
[2019.02.05-22.51.07:543][  0]LogConfig: Setting CVar [[r.VolumetricFog.HistoryMissSupersampleCount:4]]
[2019.02.05-22.51.07:543][  0]LogConfig: Setting CVar [[r.LightMaxDrawDistanceScale:1]]
[2019.02.05-22.51.07:543][  0]LogConfig: Setting CVar [[r.CapsuleShadows:1]]
[2019.02.05-22.51.07:543][  0]LogConfig: Applying CVar settings from Section [PostProcessQuality@3] File [D:/UnrealProjects/Pinball/Saved/Config/Windows/Scalability.ini]
[2019.02.05-22.51.07:543][  0]LogConfig: Setting CVar [[r.MotionBlurQuality:4]]
[2019.02.05-22.51.07:543][  0]LogConfig: Setting CVar [[r.AmbientOcclusionMipLevelFactor:0.4]]
[2019.02.05-22.51.07:543][  0]LogConfig: Setting CVar [[r.AmbientOcclusionMaxQuality:100]]
[2019.02.05-22.51.07:543][  0]LogConfig: Setting CVar [[r.AmbientOcclusionLevels:-1]]
[2019.02.05-22.51.07:543][  0]LogConfig: Setting CVar [[r.AmbientOcclusionRadiusScale:1.0]]
[2019.02.05-22.51.07:544][  0]LogConfig: Setting CVar [[r.DepthOfFieldQuality:2]]
[2019.02.05-22.51.07:544][  0]LogConfig: Setting CVar [[r.RenderTargetPoolMin:400]]
[2019.02.05-22.51.07:544][  0]LogConfig: Setting CVar [[r.LensFlareQuality:2]]
[2019.02.05-22.51.07:544][  0]LogConfig: Setting CVar [[r.SceneColorFringeQuality:1]]
[2019.02.05-22.51.07:544][  0]LogConfig: Setting CVar [[r.EyeAdaptationQuality:2]]
[2019.02.05-22.51.07:544][  0]LogConfig: Setting CVar [[r.BloomQuality:5]]
[2019.02.05-22.51.07:544][  0]LogConfig: Setting CVar [[r.FastBlurThreshold:100]]
[2019.02.05-22.51.07:544][  0]LogConfig: Setting CVar [[r.Upscale.Quality:3]]
[2019.02.05-22.51.07:544][  0]LogConfig: Setting CVar [[r.Tonemapper.GrainQuantization:1]]
[2019.02.05-22.51.07:544][  0]LogConfig: Setting CVar [[r.LightShaftQuality:1]]
[2019.02.05-22.51.07:544][  0]LogConfig: Setting CVar [[r.Filter.SizeScale:1]]
[2019.02.05-22.51.07:544][  0]LogConfig: Setting CVar [[r.Tonemapper.Quality:5]]
[2019.02.05-22.51.07:544][  0]LogConfig: Setting CVar [[r.DOF.Gather.AccumulatorQuality:1        ; higher gathering accumulator quality]]
[2019.02.05-22.51.07:544][  0]LogConfig: Setting CVar [[r.DOF.Gather.PostfilterMethod:1          ; Median3x3 postfilering method]]
[2019.02.05-22.51.07:544][  0]LogConfig: Setting CVar [[r.DOF.Gather.EnableBokehSettings:0       ; no bokeh simulation when gathering]]
[2019.02.05-22.51.07:544][  0]LogConfig: Setting CVar [[r.DOF.Gather.RingCount:4                 ; medium number of samples when gathering]]
[2019.02.05-22.51.07:544][  0]LogConfig: Setting CVar [[r.DOF.Scatter.ForegroundCompositing:1    ; additive foreground scattering]]
[2019.02.05-22.51.07:544][  0]LogConfig: Setting CVar [[r.DOF.Scatter.BackgroundCompositing:2    ; additive background scattering]]
[2019.02.05-22.51.07:544][  0]LogConfig: Setting CVar [[r.DOF.Scatter.EnableBokehSettings:1      ; bokeh simulation when scattering]]
[2019.02.05-22.51.07:544][  0]LogConfig: Setting CVar [[r.DOF.Scatter.MaxSpriteRatio:0.1         ; only a maximum of 10% of scattered bokeh]]
[2019.02.05-22.51.07:544][  0]LogConfig: Setting CVar [[r.DOF.Recombine.Quality:1                ; cheap slight out of focus]]
[2019.02.05-22.51.07:544][  0]LogConfig: Setting CVar [[r.DOF.Recombine.EnableBokehSettings:0    ; no bokeh simulation on slight out of focus]]
[2019.02.05-22.51.07:544][  0]LogConfig: Setting CVar [[r.DOF.TemporalAAQuality:1                ; more stable temporal accumulation]]
[2019.02.05-22.51.07:544][  0]LogConfig: Setting CVar [[r.DOF.Kernel.MaxForegroundRadius:0.025]]
[2019.02.05-22.51.07:544][  0]LogConfig: Setting CVar [[r.DOF.Kernel.MaxBackgroundRadius:0.025]]
[2019.02.05-22.51.07:544][  0]LogConfig: Applying CVar settings from Section [TextureQuality@3] File [D:/UnrealProjects/Pinball/Saved/Config/Windows/Scalability.ini]
[2019.02.05-22.51.07:544][  0]LogConfig: Setting CVar [[r.Streaming.MipBias:0]]
[2019.02.05-22.51.07:544][  0]LogConfig: Setting CVar [[r.Streaming.AmortizeCPUToGPUCopy:0]]
[2019.02.05-22.51.07:544][  0]LogConfig: Setting CVar [[r.Streaming.MaxNumTexturesToStreamPerFrame:0]]
[2019.02.05-22.51.07:544][  0]LogConfig: Setting CVar [[r.Streaming.Boost:1]]
[2019.02.05-22.51.07:544][  0]LogConfig: Setting CVar [[r.MaxAnisotropy:8]]
[2019.02.05-22.51.07:544][  0]LogConfig: Setting CVar [[r.Streaming.LimitPoolSizeToVRAM:0]]
[2019.02.05-22.51.07:544][  0]LogConfig: Setting CVar [[r.Streaming.PoolSize:1000]]
[2019.02.05-22.51.07:544][  0]LogConfig: Setting CVar [[r.Streaming.MaxEffectiveScreenSize:0]]
[2019.02.05-22.51.07:544][  0]LogConfig: Applying CVar settings from Section [EffectsQuality@3] File [D:/UnrealProjects/Pinball/Saved/Config/Windows/Scalability.ini]
[2019.02.05-22.51.07:544][  0]LogConfig: Setting CVar [[r.TranslucencyLightingVolumeDim:64]]
[2019.02.05-22.51.07:544][  0]LogConfig: Setting CVar [[r.RefractionQuality:2]]
[2019.02.05-22.51.07:544][  0]LogConfig: Setting CVar [[r.SSR.Quality:3]]
[2019.02.05-22.51.07:544][  0]LogConfig: Setting CVar [[r.SceneColorFormat:4]]
[2019.02.05-22.51.07:544][  0]LogConfig: Setting CVar [[r.DetailMode:2]]
[2019.02.05-22.51.07:544][  0]LogConfig: Setting CVar [[r.TranslucencyVolumeBlur:1]]
[2019.02.05-22.51.07:544][  0]LogConfig: Setting CVar [[r.MaterialQualityLevel:1 ; High quality]]
[2019.02.05-22.51.07:544][  0]LogConfig: Setting CVar [[r.SSS.Scale:1]]
[2019.02.05-22.51.07:544][  0]LogConfig: Setting CVar [[r.SSS.SampleSet:2]]
[2019.02.05-22.51.07:544][  0]LogConfig: Setting CVar [[r.SSS.Quality:1]]
[2019.02.05-22.51.07:544][  0]LogConfig: Setting CVar [[r.SSS.HalfRes:1]]
[2019.02.05-22.51.07:544][  0]LogConfig: Setting CVar [[r.EmitterSpawnRateScale:1.0]]
[2019.02.05-22.51.07:544][  0]LogConfig: Setting CVar [[r.ParticleLightQuality:2]]
[2019.02.05-22.51.07:544][  0]LogConfig: Applying CVar settings from Section [FoliageQuality@3] File [D:/UnrealProjects/Pinball/Saved/Config/Windows/Scalability.ini]
[2019.02.05-22.51.07:544][  0]LogConfig: Setting CVar [[foliage.DensityScale:1.0]]
[2019.02.05-22.51.07:544][  0]LogConfig: Setting CVar [[grass.DensityScale:1.0]]
[2019.02.05-22.51.07:544][  0]LogInit: Selected Device Profile: [Windows]
[2019.02.05-22.51.07:544][  0]LogInit: Applying CVar settings loaded from the selected device profile: [Windows]
[2019.02.05-22.51.07:559][  0]LogHAL: Display: Platform has ~ 8 GB [8451756032 / 8589934592 / 8], which maps to Default [LargestMinGB=32, LargerMinGB=12, DefaultMinGB=8, SmallerMinGB=6, SmallestMinGB=0)
[2019.02.05-22.51.07:559][  0]LogConfig: Setting CVar [[r.Vulkan.UseRealUBs:1]]
[2019.02.05-22.51.07:559][  0]LogInit: Going up to parent DeviceProfile []
[2019.02.05-22.51.07:559][  0]LogConfig: Applying CVar settings from Section [ViewDistanceQuality@3] File [D:/UnrealProjects/Pinball/Saved/Config/Windows/Scalability.ini]
[2019.02.05-22.51.07:559][  0]LogConfig: Setting CVar [[r.SkeletalMeshLODBias:0]]
[2019.02.05-22.51.07:559][  0]LogConfig: Setting CVar [[r.ViewDistanceScale:1.0]]
[2019.02.05-22.51.07:559][  0]LogConfig: Applying CVar settings from Section [AntiAliasingQuality@3] File [D:/UnrealProjects/Pinball/Saved/Config/Windows/Scalability.ini]
[2019.02.05-22.51.07:559][  0]LogConfig: Setting CVar [[r.PostProcessAAQuality:4]]
[2019.02.05-22.51.07:559][  0]LogConfig: Applying CVar settings from Section [ShadowQuality@3] File [D:/UnrealProjects/Pinball/Saved/Config/Windows/Scalability.ini]
[2019.02.05-22.51.07:559][  0]LogConfig: Setting CVar [[r.LightFunctionQuality:1]]
[2019.02.05-22.51.07:559][  0]LogConfig: Setting CVar [[r.ShadowQuality:5]]
[2019.02.05-22.51.07:559][  0]LogConfig: Setting CVar [[r.Shadow.CSM.MaxCascades:10]]
[2019.02.05-22.51.07:560][  0]LogConfig: Setting CVar [[r.Shadow.MaxResolution:2048]]
[2019.02.05-22.51.07:560][  0]LogConfig: Setting CVar [[r.Shadow.MaxCSMResolution:2048]]
[2019.02.05-22.51.07:560][  0]LogConfig: Setting CVar [[r.Shadow.RadiusThreshold:0.01]]
[2019.02.05-22.51.07:560][  0]LogConfig: Setting CVar [[r.Shadow.DistanceScale:1.0]]
[2019.02.05-22.51.07:560][  0]LogConfig: Setting CVar [[r.Shadow.CSM.TransitionScale:1.0]]
[2019.02.05-22.51.07:560][  0]LogConfig: Setting CVar [[r.Shadow.PreShadowResolutionFactor:1.0]]
[2019.02.05-22.51.07:560][  0]LogConfig: Setting CVar [[r.DistanceFieldShadowing:1]]
[2019.02.05-22.51.07:560][  0]LogConfig: Setting CVar [[r.DistanceFieldAO:1]]
[2019.02.05-22.51.07:560][  0]LogConfig: Setting CVar [[r.AOQuality:2]]
[2019.02.05-22.51.07:560][  0]LogConfig: Setting CVar [[r.VolumetricFog:1]]
[2019.02.05-22.51.07:560][  0]LogConfig: Setting CVar [[r.VolumetricFog.GridPixelSize:8]]
[2019.02.05-22.51.07:560][  0]LogConfig: Setting CVar [[r.VolumetricFog.GridSizeZ:128]]
[2019.02.05-22.51.07:560][  0]LogConfig: Setting CVar [[r.VolumetricFog.HistoryMissSupersampleCount:4]]
[2019.02.05-22.51.07:560][  0]LogConfig: Setting CVar [[r.LightMaxDrawDistanceScale:1]]
[2019.02.05-22.51.07:560][  0]LogConfig: Setting CVar [[r.CapsuleShadows:1]]
[2019.02.05-22.51.07:560][  0]LogConfig: Applying CVar settings from Section [PostProcessQuality@3] File [D:/UnrealProjects/Pinball/Saved/Config/Windows/Scalability.ini]
[2019.02.05-22.51.07:560][  0]LogConfig: Setting CVar [[r.MotionBlurQuality:4]]
[2019.02.05-22.51.07:560][  0]LogConfig: Setting CVar [[r.AmbientOcclusionMipLevelFactor:0.4]]
[2019.02.05-22.51.07:560][  0]LogConfig: Setting CVar [[r.AmbientOcclusionMaxQuality:100]]
[2019.02.05-22.51.07:560][  0]LogConfig: Setting CVar [[r.AmbientOcclusionLevels:-1]]
[2019.02.05-22.51.07:560][  0]LogConfig: Setting CVar [[r.AmbientOcclusionRadiusScale:1.0]]
[2019.02.05-22.51.07:560][  0]LogConfig: Setting CVar [[r.DepthOfFieldQuality:2]]
[2019.02.05-22.51.07:560][  0]LogConfig: Setting CVar [[r.RenderTargetPoolMin:400]]
[2019.02.05-22.51.07:560][  0]LogConfig: Setting CVar [[r.LensFlareQuality:2]]
[2019.02.05-22.51.07:560][  0]LogConfig: Setting CVar [[r.SceneColorFringeQuality:1]]
[2019.02.05-22.51.07:560][  0]LogConfig: Setting CVar [[r.EyeAdaptationQuality:2]]
[2019.02.05-22.51.07:560][  0]LogConfig: Setting CVar [[r.BloomQuality:5]]
[2019.02.05-22.51.07:560][  0]LogConfig: Setting CVar [[r.FastBlurThreshold:100]]
[2019.02.05-22.51.07:560][  0]LogConfig: Setting CVar [[r.Upscale.Quality:3]]
[2019.02.05-22.51.07:560][  0]LogConfig: Setting CVar [[r.Tonemapper.GrainQuantization:1]]
[2019.02.05-22.51.07:560][  0]LogConfig: Setting CVar [[r.LightShaftQuality:1]]
[2019.02.05-22.51.07:560][  0]LogConfig: Setting CVar [[r.Filter.SizeScale:1]]
[2019.02.05-22.51.07:560][  0]LogConfig: Setting CVar [[r.Tonemapper.Quality:5]]
[2019.02.05-22.51.07:560][  0]LogConfig: Setting CVar [[r.DOF.Gather.AccumulatorQuality:1        ; higher gathering accumulator quality]]
[2019.02.05-22.51.07:560][  0]LogConfig: Setting CVar [[r.DOF.Gather.PostfilterMethod:1          ; Median3x3 postfilering method]]
[2019.02.05-22.51.07:560][  0]LogConfig: Setting CVar [[r.DOF.Gather.EnableBokehSettings:0       ; no bokeh simulation when gathering]]
[2019.02.05-22.51.07:560][  0]LogConfig: Setting CVar [[r.DOF.Gather.RingCount:4                 ; medium number of samples when gathering]]
[2019.02.05-22.51.07:560][  0]LogConfig: Setting CVar [[r.DOF.Scatter.ForegroundCompositing:1    ; additive foreground scattering]]
[2019.02.05-22.51.07:560][  0]LogConfig: Setting CVar [[r.DOF.Scatter.BackgroundCompositing:2    ; additive background scattering]]
[2019.02.05-22.51.07:560][  0]LogConfig: Setting CVar [[r.DOF.Scatter.EnableBokehSettings:1      ; bokeh simulation when scattering]]
[2019.02.05-22.51.07:560][  0]LogConfig: Setting CVar [[r.DOF.Scatter.MaxSpriteRatio:0.1         ; only a maximum of 10% of scattered bokeh]]
[2019.02.05-22.51.07:560][  0]LogConfig: Setting CVar [[r.DOF.Recombine.Quality:1                ; cheap slight out of focus]]
[2019.02.05-22.51.07:560][  0]LogConfig: Setting CVar [[r.DOF.Recombine.EnableBokehSettings:0    ; no bokeh simulation on slight out of focus]]
[2019.02.05-22.51.07:560][  0]LogConfig: Setting CVar [[r.DOF.TemporalAAQuality:1                ; more stable temporal accumulation]]
[2019.02.05-22.51.07:560][  0]LogConfig: Setting CVar [[r.DOF.Kernel.MaxForegroundRadius:0.025]]
[2019.02.05-22.51.07:560][  0]LogConfig: Setting CVar [[r.DOF.Kernel.MaxBackgroundRadius:0.025]]
[2019.02.05-22.51.07:560][  0]LogConfig: Applying CVar settings from Section [TextureQuality@3] File [D:/UnrealProjects/Pinball/Saved/Config/Windows/Scalability.ini]
[2019.02.05-22.51.07:560][  0]LogConfig: Setting CVar [[r.Streaming.MipBias:0]]
[2019.02.05-22.51.07:560][  0]LogConfig: Setting CVar [[r.Streaming.AmortizeCPUToGPUCopy:0]]
[2019.02.05-22.51.07:560][  0]LogConfig: Setting CVar [[r.Streaming.MaxNumTexturesToStreamPerFrame:0]]
[2019.02.05-22.51.07:560][  0]LogConfig: Setting CVar [[r.Streaming.Boost:1]]
[2019.02.05-22.51.07:560][  0]LogConfig: Setting CVar [[r.MaxAnisotropy:8]]
[2019.02.05-22.51.07:560][  0]LogConfig: Setting CVar [[r.Streaming.LimitPoolSizeToVRAM:0]]
[2019.02.05-22.51.07:560][  0]LogConfig: Setting CVar [[r.Streaming.PoolSize:1000]]
[2019.02.05-22.51.07:560][  0]LogConfig: Setting CVar [[r.Streaming.MaxEffectiveScreenSize:0]]
[2019.02.05-22.51.07:560][  0]LogConfig: Applying CVar settings from Section [EffectsQuality@3] File [D:/UnrealProjects/Pinball/Saved/Config/Windows/Scalability.ini]
[2019.02.05-22.51.07:560][  0]LogConfig: Setting CVar [[r.TranslucencyLightingVolumeDim:64]]
[2019.02.05-22.51.07:560][  0]LogConfig: Setting CVar [[r.RefractionQuality:2]]
[2019.02.05-22.51.07:560][  0]LogConfig: Setting CVar [[r.SSR.Quality:3]]
[2019.02.05-22.51.07:560][  0]LogConfig: Setting CVar [[r.SceneColorFormat:4]]
[2019.02.05-22.51.07:560][  0]LogConfig: Setting CVar [[r.DetailMode:2]]
[2019.02.05-22.51.07:560][  0]LogConfig: Setting CVar [[r.TranslucencyVolumeBlur:1]]
[2019.02.05-22.51.07:560][  0]LogConfig: Setting CVar [[r.MaterialQualityLevel:1 ; High quality]]
[2019.02.05-22.51.07:560][  0]LogConfig: Setting CVar [[r.SSS.Scale:1]]
[2019.02.05-22.51.07:560][  0]LogConfig: Setting CVar [[r.SSS.SampleSet:2]]
[2019.02.05-22.51.07:560][  0]LogConfig: Setting CVar [[r.SSS.Quality:1]]
[2019.02.05-22.51.07:560][  0]LogConfig: Setting CVar [[r.SSS.HalfRes:1]]
[2019.02.05-22.51.07:560][  0]LogConfig: Setting CVar [[r.EmitterSpawnRateScale:1.0]]
[2019.02.05-22.51.07:560][  0]LogConfig: Setting CVar [[r.ParticleLightQuality:2]]
[2019.02.05-22.51.07:560][  0]LogConfig: Applying CVar settings from Section [FoliageQuality@3] File [D:/UnrealProjects/Pinball/Saved/Config/Windows/Scalability.ini]
[2019.02.05-22.51.07:560][  0]LogConfig: Setting CVar [[foliage.DensityScale:1.0]]
[2019.02.05-22.51.07:560][  0]LogConfig: Setting CVar [[grass.DensityScale:1.0]]
[2019.02.05-22.51.07:560][  0]LogConfig: Applying CVar settings from Section [Startup] File [../../../Engine/Config/ConsoleVariables.ini]
[2019.02.05-22.51.07:561][  0]LogConfig: Setting CVar [[net.UseAdaptiveNetUpdateFrequency:0]]
[2019.02.05-22.51.07:561][  0]LogConfig: Applying CVar settings from Section [ConsoleVariables] File [D:/UnrealProjects/Pinball/Saved/Config/Windows/Engine.ini]
[2019.02.05-22.51.07:561][  0]LogInit: Computer: DESKTOP-R5K993P
[2019.02.05-22.51.07:561][  0]LogInit: User: LaraChille
[2019.02.05-22.51.07:561][  0]LogInit: CPU Page size=4096, Cores=4
[2019.02.05-22.51.07:561][  0]LogInit: High frequency timer resolution =2.437497 MHz
[2019.02.05-22.51.07:561][  0]LogMemory: Memory total: Physical=7.9GB (8GB approx)
[2019.02.05-22.51.07:561][  0]LogMemory: Platform Memory Stats for Windows
[2019.02.05-22.51.07:561][  0]LogMemory: Process Physical Memory: 103.37 MB used, 103.37 MB peak
[2019.02.05-22.51.07:561][  0]LogMemory: Process Virtual Memory: 92.77 MB used, 92.77 MB peak
[2019.02.05-22.51.07:561][  0]LogMemory: Physical Memory: 4890.93 MB used,  3169.29 MB free, 8060.22 MB total
[2019.02.05-22.51.07:561][  0]LogMemory: Virtual Memory: 4636.08 MB used,  134213088.00 MB free, 134217728.00 MB total
[2019.02.05-22.51.07:583][  0]LogInit: Using OS detected language (de-DE).
[2019.02.05-22.51.07:583][  0]LogInit: Using OS detected locale (de-DE).
[2019.02.05-22.51.07:585][  0]LogTextLocalizationManager: No specific localization for 'de-DE' exists, so the 'de' localization will be used.
[2019.02.05-22.51.07:588][  0]LogStreaming: Display: Took  0.005s to InitEngineTextLocalization.
[2019.02.05-22.51.07:589][  0]LogInit: Setting process to per monitor DPI aware
[2019.02.05-22.51.07:622][  0]LogSlate: New Slate User Created.  User Index 0, Is Virtual User: 0
[2019.02.05-22.51.07:622][  0]LogSlate: Slate User Registered.  User Index 0, Is Virtual User: 0
[2019.02.05-22.51.07:965][  0]LogHMD: Failed to initialize OpenVR with code 110
[2019.02.05-22.51.07:966][  0]LogD3D11RHI: D3D11 adapters:
[2019.02.05-22.51.08:010][  0]LogD3D11RHI:    0. 'NVIDIA GeForce GTX 1050' (Feature Level 11_0)
[2019.02.05-22.51.08:010][  0]LogD3D11RHI:       4053/0/4030 MB DedicatedVideo/DedicatedSystem/SharedSystem, Outputs:1, VendorId:0x10de
[2019.02.05-22.51.08:017][  0]LogD3D11RHI:    1. 'Intel(R) HD Graphics 630' (Feature Level 11_0)
[2019.02.05-22.51.08:017][  0]LogD3D11RHI:       128/0/4030 MB DedicatedVideo/DedicatedSystem/SharedSystem, Outputs:0, VendorId:0x8086
[2019.02.05-22.51.08:019][  0]LogD3D11RHI:    2. 'Microsoft Basic Render Driver' (Feature Level 11_0)
[2019.02.05-22.51.08:019][  0]LogD3D11RHI:       0/0/4030 MB DedicatedVideo/DedicatedSystem/SharedSystem, Outputs:0, VendorId:0x1414
[2019.02.05-22.51.08:019][  0]LogD3D11RHI: Chosen D3D11 Adapter: 0
[2019.02.05-22.51.08:048][  0]LogD3D11RHI: Creating new Direct3DDevice
[2019.02.05-22.51.08:048][  0]LogD3D11RHI:     GPU DeviceId: 0x1c8d (for the marketing name, search the web for "GPU Device Id")
[2019.02.05-22.51.08:048][  0]LogWindows: EnumDisplayDevices:
[2019.02.05-22.51.08:048][  0]LogWindows:    0. 'Intel(R) HD Graphics 630' (P:1 D:1)
[2019.02.05-22.51.08:048][  0]LogWindows:    1. 'Intel(R) HD Graphics 630' (P:0 D:0)
[2019.02.05-22.51.08:049][  0]LogWindows:    2. 'Intel(R) HD Graphics 630' (P:0 D:0)
[2019.02.05-22.51.08:049][  0]LogWindows: DebugString: PrimaryIsNotTheChoosenAdapter PrimaryIsNotTheChoosenAdapter PrimaryIsNotTheChoosenAdapter FoundDriverCount:0 
[2019.02.05-22.51.08:049][  0]LogD3D11RHI:     Adapter Name: NVIDIA GeForce GTX 1050
[2019.02.05-22.51.08:049][  0]LogD3D11RHI:   Driver Version: Unknown (internal:Unknown, unified:Unknown)
[2019.02.05-22.51.08:049][  0]LogD3D11RHI:      Driver Date: Unknown
[2019.02.05-22.51.08:049][  0]LogRHI: Texture pool is 2837 MB (70% of 4053 MB)
[2019.02.05-22.51.08:075][  0]LogD3D11RHI: Async texture creation enabled
[2019.02.05-22.51.08:089][  0]LogD3D11RHI: GPU Timing Frequency: 1000.000000 (Debug: 2 1)
[2019.02.05-22.51.08:434][  0]LogTemp: Display: Loaded TP AllDesktopTargetPlatform
[2019.02.05-22.51.08:450][  0]LogTemp: Display: Loaded TP MacClientTargetPlatform
[2019.02.05-22.51.08:466][  0]LogTemp: Display: Loaded TP MacNoEditorTargetPlatform
[2019.02.05-22.51.08:481][  0]LogTemp: Display: Loaded TP MacServerTargetPlatform
[2019.02.05-22.51.08:497][  0]LogTemp: Display: Loaded TP MacTargetPlatform
[2019.02.05-22.51.08:512][  0]LogTemp: Display: Loaded TP WindowsClientTargetPlatform
[2019.02.05-22.51.08:527][  0]LogTemp: Display: Loaded TP WindowsNoEditorTargetPlatform
[2019.02.05-22.51.08:542][  0]LogTemp: Display: Loaded TP WindowsServerTargetPlatform
[2019.02.05-22.51.08:550][  0]LogTemp: Display: Loaded TP WindowsTargetPlatform
[2019.02.05-22.51.08:642][  0]LogTemp: Display: Loaded TP AndroidTargetPlatform
[2019.02.05-22.51.08:642][  0]LogTemp: Display: Loaded TP AndroidTargetPlatform
[2019.02.05-22.51.08:642][  0]LogTemp: Display: Loaded TP AndroidTargetPlatform
[2019.02.05-22.51.08:642][  0]LogTemp: Display: Loaded TP AndroidTargetPlatform
[2019.02.05-22.51.08:642][  0]LogTemp: Display: Loaded TP AndroidTargetPlatform
[2019.02.05-22.51.08:642][  0]LogTemp: Display: Loaded TP AndroidTargetPlatform
[2019.02.05-22.51.08:642][  0]LogTemp: Display: Loaded TP AndroidTargetPlatform
[2019.02.05-22.51.08:642][  0]LogTemp: Display: Loaded TP AndroidTargetPlatform
[2019.02.05-22.51.08:642][  0]LogTemp: Display: Loaded TP AndroidTargetPlatform
[2019.02.05-22.51.08:642][  0]LogTemp: Display: Loaded TP AndroidTargetPlatform
[2019.02.05-22.51.08:642][  0]LogTemp: Display: Loaded TP AndroidTargetPlatform
[2019.02.05-22.51.08:642][  0]LogTemp: Display: Loaded TP AndroidTargetPlatform
[2019.02.05-22.51.08:642][  0]LogTemp: Display: Loaded TP AndroidTargetPlatform
[2019.02.05-22.51.08:642][  0]LogTemp: Display: Loaded TP AndroidTargetPlatform
[2019.02.05-22.51.08:642][  0]LogTemp: Display: Loaded TP AndroidTargetPlatform
[2019.02.05-22.51.08:642][  0]LogTemp: Display: Loaded TP AndroidTargetPlatform
[2019.02.05-22.51.08:642][  0]LogTemp: Display: Loaded TP AndroidTargetPlatform
[2019.02.05-22.51.08:642][  0]LogTemp: Display: Loaded TP AndroidTargetPlatform
[2019.02.05-22.51.08:644][  0]LogTemp: Display: Loaded TP HTML5TargetPlatform
[2019.02.05-22.51.08:708][  0]LogTemp: Display: Loaded TP IOSTargetPlatform
[2019.02.05-22.51.08:708][  0]LogTemp: Display: Loaded TP IOSTargetPlatform
[2019.02.05-22.51.08:734][  0]LogTemp: Display: Loaded TP TVOSTargetPlatform
[2019.02.05-22.51.08:734][  0]LogTemp: Display: Loaded TP TVOSTargetPlatform
[2019.02.05-22.51.08:748][  0]LogTemp: Display: Loaded TP LinuxClientTargetPlatform
[2019.02.05-22.51.08:763][  0]LogTemp: Display: Loaded TP LinuxNoEditorTargetPlatform
[2019.02.05-22.51.08:777][  0]LogTemp: Display: Loaded TP LinuxServerTargetPlatform
[2019.02.05-22.51.08:793][  0]LogTemp: Display: Loaded TP LinuxTargetPlatform
[2019.02.05-22.51.08:848][  0]LogTemp: Display: Loaded TP LuminTargetPlatform
[2019.02.05-22.51.08:848][  0]LogTemp: Display: Loaded TP LuminTargetPlatform
[2019.02.05-22.51.08:848][  0]LogTargetPlatformManager: Display: Building Assets For Windows
[2019.02.05-22.51.08:920][  0]LogShaderCompilers: Guid format shader working directory is 12 characters bigger than the processId version (../../../../../../UnrealProjects/Pinball/Intermediate/Shaders/WorkingDirectory/3296/).
[2019.02.05-22.51.08:920][  0]LogShaderCompilers: Cleaned the shader compiler working directory 'C:/Users/Lara Chille/AppData/Local/Temp/UnrealShaderWorkingDir/B35A515943542834FB4AB281FEBB3842/'.
[2019.02.05-22.51.08:922][  0]LogXGEController: Cannot use XGE Controller as Incredibuild is not installed on this machine.
[2019.02.05-22.51.08:923][  0]LogShaderCompilers: Cannot use XGE Shader Compiler as Incredibuild is not installed on this machine.
[2019.02.05-22.51.08:923][  0]LogShaderCompilers: Display: Using Local Shader Compiler.
[2019.02.05-22.51.09:495][  0]LogDerivedDataCache: Display: Max Cache Size: 512 MB
[2019.02.05-22.51.09:554][  0]LogDerivedDataCache: Loaded boot cache 0.06s 71MB C:/Users/Lara Chille/AppData/Local/UnrealEngine/4.21/DerivedDataCache/Boot.ddc.
[2019.02.05-22.51.09:554][  0]LogDerivedDataCache: Display: Loaded Boot cache: C:/Users/Lara Chille/AppData/Local/UnrealEngine/4.21/DerivedDataCache/Boot.ddc
[2019.02.05-22.51.09:554][  0]LogDerivedDataCache: FDerivedDataBackendGraph:  Pak pak cache file ../../../../../../UnrealProjects/Pinball/DerivedDataCache/DDC.ddp not found, will not use a pak cache.
[2019.02.05-22.51.09:554][  0]LogDerivedDataCache: Unable to find inner node Pak for hierarchical cache Hierarchy.
[2019.02.05-22.51.09:554][  0]LogDerivedDataCache: FDerivedDataBackendGraph:  CompressedPak pak cache file ../../../../../../UnrealProjects/Pinball/DerivedDataCache/Compressed.ddp not found, will not use a pak cache.
[2019.02.05-22.51.09:554][  0]LogDerivedDataCache: Unable to find inner node CompressedPak for hierarchical cache Hierarchy.
[2019.02.05-22.51.09:570][  0]LogDerivedDataCache: Display: Pak cache opened for reading ../../../Engine/DerivedDataCache/Compressed.ddp.
[2019.02.05-22.51.09:570][  0]LogDerivedDataCache: FDerivedDataBackendGraph:  EnterprisePak pak cache file ../../../Enterprise/DerivedDataCache/Compressed.ddp not found, will not use a pak cache.
[2019.02.05-22.51.09:570][  0]LogDerivedDataCache: Unable to find inner node EnterprisePak for hierarchical cache Hierarchy.
[2019.02.05-22.51.09:582][  0]LogDerivedDataCache: Using Local data cache path C:/Users/Lara Chille/AppData/Local/UnrealEngine/Common/DerivedDataCache: Writable
[2019.02.05-22.51.09:582][  0]LogDerivedDataCache: Shared data cache path not found in *engine.ini, will not use an Shared cache.
[2019.02.05-22.51.09:582][  0]LogDerivedDataCache: Unable to find inner node Shared for hierarchical cache Hierarchy.
[2019.02.05-22.51.09:605][  0]LogMaterial: Verifying Global Shaders for PCD3D_SM5
[2019.02.05-22.51.09:607][  0]LogSlate: Using FreeType 2.6.0
[2019.02.05-22.51.09:608][  0]LogSlate: SlateFontServices - WITH_FREETYPE: 1, WITH_HARFBUZZ: 1
[2019.02.05-22.51.09:713][  0]LogAssetRegistry: FAssetRegistry took 0.0349 seconds to start up
[2019.02.05-22.51.10:073][  0]LogInit: Selected Device Profile: [Windows]
[2019.02.05-22.51.10:240][  0]LogSimplygon: Simplygon DLL not present - disabling.
[2019.02.05-22.51.10:244][  0]LogMeshReduction: Using SimplygonSwarm for distributed automatic mesh merging
[2019.02.05-22.51.10:244][  0]LogMeshReduction: Using ProxyLODMeshReduction for automatic mesh merging
[2019.02.05-22.51.10:244][  0]LogMeshReduction: Using QuadricMeshReduction for automatic static mesh reduction
[2019.02.05-22.51.10:244][  0]LogMeshReduction: No automatic skeletal mesh reduction module available
[2019.02.05-22.51.10:261][  0]LogNetVersion: Pinball 1.0.0, NetCL: 4541578, EngineNetVer: 5, GameNetVer: 0 (Checksum: 962427965)
[2019.02.05-22.51.10:872][  0]LogPackageLocalizationCache: Processed 11 localized package path(s) for 2 prioritized culture(s) in 0.095821 seconds
[2019.02.05-22.51.10:879][  0]LogUObjectArray: 39775 objects as part of root set at end of initial load.
[2019.02.05-22.51.10:879][  0]LogUObjectAllocator: 6914656 out of 0 bytes used by permanent object pool.
[2019.02.05-22.51.10:879][  0]LogUObjectArray: CloseDisregardForGC: 0/0 objects in disregard for GC pool
[2019.02.05-22.51.11:965][  0]LogTcpMessaging: Initializing TcpMessaging bridge
[2019.02.05-22.51.11:978][  0]LogUdpMessaging: Initializing bridge on interface 0.0.0.0:0 to multicast group 230.0.0.1:6666.
[2019.02.05-22.51.12:869][  0]SourceControl: Source control is disabled
[2019.02.05-22.51.12:869][  0]SourceControl: Source control is disabled
[2019.02.05-22.51.12:871][  0]SourceControl: Source control is disabled
[2019.02.05-22.51.12:872][  0]SourceControl: Source control is disabled
[2019.02.05-22.51.13:069][  0]LogAndroidPermission: UAndroidPermissionCallbackProxy::GetInstance
[2019.02.05-22.51.13:150][  0]LogOcInput: OculusInput pre-init called
[2019.02.05-22.51.13:293][  0]LogEngine: Initializing Engine...
[2019.02.05-22.51.13:293][  0]LogHMD: Failed to initialize OpenVR with code 110
[2019.02.05-22.51.13:295][  0]LogStats: UGameplayTagsManager::ConstructGameplayTagTree: ImportINI prefixes -  0.000 s
[2019.02.05-22.51.13:295][  0]LogStats: UGameplayTagsManager::ConstructGameplayTagTree: Construct from data asset -  0.000 s
[2019.02.05-22.51.13:295][  0]LogStats: UGameplayTagsManager::ConstructGameplayTagTree: ImportINI -  0.000 s
[2019.02.05-22.51.13:295][  0]LogStats: UGameplayTagsManager::ConstructGameplayTagTree: GameplayTagTreeChangedEvent.Broadcast -  0.000 s
[2019.02.05-22.51.13:570][  0]LogInit: Initializing FReadOnlyCVARCache
[2019.02.05-22.51.13:584][  0]LogAIModule: Creating AISystem for world Untitled
[2019.02.05-22.51.13:663][  0]LogInit: XAudio2 using 'Lautsprecher (USB Audio Device)' : 2 channels at 48 kHz using 16 bits per sample (channel mask 0x3)
[2019.02.05-22.51.13:672][  0]LogInit: FAudioDevice initialized.
[2019.02.05-22.51.13:673][  0]LogNetVersion: Set ProjectVersion to 1.0.0.0. Version Checksum will be recalculated on next use.
[2019.02.05-22.51.13:836][  0]LogDerivedDataCache: Saved boot cache 0.16s 71MB C:/Users/Lara Chille/AppData/Local/UnrealEngine/4.21/DerivedDataCache/Boot.ddc.
[2019.02.05-22.51.13:848][  0]LogInit: Texture streaming: Enabled
[2019.02.05-22.51.13:867][  0]LogEngineSessionManager: EngineSessionManager initialized
[2019.02.05-22.51.13:880][  0]LogInit: Transaction tracking system initialized
[2019.02.05-22.51.13:906][  0]BlueprintLog: New page: Editor Load
[2019.02.05-22.51.13:985][  0]LocalizationService: Localization service is disabled
[2019.02.05-22.51.14:539][  0]LogFileCache: Scanning file cache for directory 'D:/UnrealProjects/Pinball/Content/' took 0.01s
[2019.02.05-22.51.14:539][  0]LogCook: Display: Max memory allowance for cook 16384mb min free memory 0mb
[2019.02.05-22.51.14:539][  0]LogCook: Display: Mobile HDR setting 1
[2019.02.05-22.51.14:539][  0]LogGameplayTags: Display: UGameplayTagsManager::DoneAddingNativeTags. DelegateIsBound: 0
[2019.02.05-22.51.14:539][  0]LogStats: UGameplayTagsManager::ConstructGameplayTagTree: ImportINI prefixes -  0.000 s
[2019.02.05-22.51.14:539][  0]LogStats: UGameplayTagsManager::ConstructGameplayTagTree: Construct from data asset -  0.000 s
[2019.02.05-22.51.14:540][  0]LogStats: UGameplayTagsManager::ConstructGameplayTagTree: ImportINI -  0.000 s
[2019.02.05-22.51.14:540][  0]LogStats: UGameplayTagsManager::ConstructGameplayTagTree: GameplayTagTreeChangedEvent.Broadcast -  0.000 s
[2019.02.05-22.51.14:689][  0]SourceControl: Source control is disabled
[2019.02.05-22.51.14:689][  0]Cmd: MAP LOAD FILE="../../../../../../UnrealProjects/Pinball/Content/StarterContent/Maps/Minimal_Default.umap" TEMPLATE=0 SHOWPROGRESS=1 FEATURELEVEL=3
[2019.02.05-22.51.14:689][  0]LightingResults: New page: Lighting Build
[2019.02.05-22.51.14:692][  0]MapCheck: New page: Map Check
[2019.02.05-22.51.14:692][  0]LightingResults: New page: Lighting Build
[2019.02.05-22.51.15:451][  0]LogAIModule: Creating AISystem for world Minimal_Default
[2019.02.05-22.51.15:462][  0]LogEditorServer: Finished looking for orphan Actors (0.000 secs)
[2019.02.05-22.51.15:491][  0]Cmd: MAP CHECKDEP NOCLEARLOG
[2019.02.05-22.51.15:492][  0]MapCheck: Map check complete: 0 Error(s), 0 Warning(s), took 0,301ms to complete.
[2019.02.05-22.51.15:492][  0]LogFileHelpers: Loading map 'Minimal_Default' took 0.803
[2019.02.05-22.51.15:600][  0]LogSlate: Updating window title bar state: overlay mode, drag disabled, window buttons hidden, title bar hidden
[2019.02.05-22.51.15:608][  0]LogSlate: Updating window title bar state: overlay mode, drag disabled, window buttons hidden, title bar hidden
[2019.02.05-22.51.15:615][  0]LogSlate: Updating window title bar state: overlay mode, drag disabled, window buttons hidden, title bar hidden
[2019.02.05-22.51.15:623][  0]LogSlate: Updating window title bar state: overlay mode, drag disabled, window buttons hidden, title bar hidden
[2019.02.05-22.51.15:634][  0]LogCollectionManager: Loaded 0 collections in 0.001655 seconds
[2019.02.05-22.51.15:674][  0]LogFileCache: Scanning file cache for directory 'D:/UnrealProjects/Pinball/Saved/Collections/' took 0.01s
[2019.02.05-22.51.15:674][  0]LogFileCache: Scanning file cache for directory 'D:/UnrealProjects/Pinball/Content/Developers/LaraChille/Collections/' took 0.01s
[2019.02.05-22.51.15:674][  0]LogFileCache: Scanning file cache for directory 'D:/UnrealProjects/Pinball/Content/Collections/' took 0.01s
[2019.02.05-22.51.15:674][  0]LogCollectionManager: Rebuilt the GUID cache for 0 collections in 0.000000 seconds
[2019.02.05-22.51.15:683][  0]LogContentBrowser: Native class hierarchy populated in 0.0084 seconds. Added 2651 classes and 620 folders.
[2019.02.05-22.51.15:689][  0]LogContentBrowser: Native class hierarchy updated for 'WidgetCarousel' in 0.0003 seconds. Added 0 classes and 0 folders.
[2019.02.05-22.51.15:696][  0]LogPakFile: Registered encryption key '00000000000000000000000000000000': 0 pak files mounted, 0 remain pending
[2019.02.05-22.51.15:704][  0]LogPakFile: Registered encryption key '00000000000000000000000000000000': 0 pak files mounted, 0 remain pending
[2019.02.05-22.51.15:732][  0]LogPakFile: Registered encryption key '00000000000000000000000000000000': 0 pak files mounted, 0 remain pending
[2019.02.05-22.51.15:739][  0]LogPakFile: Registered encryption key '00000000000000000000000000000000': 0 pak files mounted, 0 remain pending
[2019.02.05-22.51.15:746][  0]LogPakFile: Registered encryption key '00000000000000000000000000000000': 0 pak files mounted, 0 remain pending
[2019.02.05-22.51.15:753][  0]LogPakFile: Registered encryption key '00000000000000000000000000000000': 0 pak files mounted, 0 remain pending
[2019.02.05-22.51.15:759][  0]LogPakFile: Registered encryption key '00000000000000000000000000000000': 0 pak files mounted, 0 remain pending
[2019.02.05-22.51.15:765][  0]LogPakFile: Registered encryption key '00000000000000000000000000000000': 0 pak files mounted, 0 remain pending
[2019.02.05-22.51.15:772][  0]LogPakFile: Registered encryption key '00000000000000000000000000000000': 0 pak files mounted, 0 remain pending
[2019.02.05-22.51.15:780][  0]LogPakFile: Registered encryption key '00000000000000000000000000000000': 0 pak files mounted, 0 remain pending
[2019.02.05-22.51.15:787][  0]LogPakFile: Registered encryption key '00000000000000000000000000000000': 0 pak files mounted, 0 remain pending
[2019.02.05-22.51.15:793][  0]LogPakFile: Registered encryption key '00000000000000000000000000000000': 0 pak files mounted, 0 remain pending
[2019.02.05-22.51.15:838][  0]LogPakFile: Registered encryption key '00000000000000000000000000000000': 0 pak files mounted, 0 remain pending
[2019.02.05-22.51.15:845][  0]LogPakFile: Registered encryption key '00000000000000000000000000000000': 0 pak files mounted, 0 remain pending
[2019.02.05-22.51.15:855][  0]LogPakFile: Registered encryption key '00000000000000000000000000000000': 0 pak files mounted, 0 remain pending
[2019.02.05-22.51.15:861][  0]LogPakFile: Registered encryption key '00000000000000000000000000000000': 0 pak files mounted, 0 remain pending
[2019.02.05-22.51.15:900][  0]LogPakFile: Registered encryption key '00000000000000000000000000000000': 0 pak files mounted, 0 remain pending
[2019.02.05-22.51.15:906][  0]LogPakFile: Registered encryption key '00000000000000000000000000000000': 0 pak files mounted, 0 remain pending
[2019.02.05-22.51.15:913][  0]LogPakFile: Registered encryption key '00000000000000000000000000000000': 0 pak files mounted, 0 remain pending
[2019.02.05-22.51.15:919][  0]LogPakFile: Registered encryption key '00000000000000000000000000000000': 0 pak files mounted, 0 remain pending
[2019.02.05-22.51.15:971][  0]LogPakFile: Registered encryption key '00000000000000000000000000000000': 0 pak files mounted, 0 remain pending
[2019.02.05-22.51.15:978][  0]LogPakFile: Registered encryption key '00000000000000000000000000000000': 0 pak files mounted, 0 remain pending
[2019.02.05-22.51.15:984][  0]LogPakFile: Registered encryption key '00000000000000000000000000000000': 0 pak files mounted, 0 remain pending
[2019.02.05-22.51.15:991][  0]LogPakFile: Registered encryption key '00000000000000000000000000000000': 0 pak files mounted, 0 remain pending
[2019.02.05-22.51.15:998][  0]LogPakFile: Registered encryption key '00000000000000000000000000000000': 0 pak files mounted, 0 remain pending
[2019.02.05-22.51.16:004][  0]LogPakFile: Registered encryption key '00000000000000000000000000000000': 0 pak files mounted, 0 remain pending
[2019.02.05-22.51.16:177][  0]LogContentBrowser: Native class hierarchy updated for 'AddContentDialog' in 0.0004 seconds. Added 0 classes and 0 folders.
[2019.02.05-22.51.16:228][  0]LogContentBrowser: Native class hierarchy updated for 'SceneOutliner' in 0.0003 seconds. Added 1 classes and 2 folders.
[2019.02.05-22.51.16:303][  0]LogSlate: Took 0.000315 seconds to synchronously load lazily loaded font '../../../Engine/Content/Slate/Fonts/Roboto-Regular.ttf' (155K)
[2019.02.05-22.51.16:309][  0]LogSlate: Took 0.000372 seconds to synchronously load lazily loaded font '../../../Engine/Content/Slate/Fonts/Roboto-Bold.ttf' (160K)
[2019.02.05-22.51.16:325][  0]LogSlate: Took 0.005697 seconds to synchronously load lazily loaded font '../../../Engine/Content/Editor/Slate/Fonts/FontAwesome.ttf' (139K)
[2019.02.05-22.51.16:493][  0]LogRenderer: Reallocating scene render targets to support 848x460 Format 10 NumSamples 1 (Frame:1).
[2019.02.05-22.51.16:579][  0]LogSlate: Took 0.009872 seconds to synchronously load lazily loaded font '../../../Engine/Content/Slate/Fonts/Roboto-Light.ttf' (167K)
[2019.02.05-22.51.16:804][  0]LogContentBrowser: Native class hierarchy updated for 'HierarchicalLODOutliner' in 0.0003 seconds. Added 0 classes and 0 folders.
[2019.02.05-22.51.16:804][  0]LogLoad: (Engine Initialization) Total time: 11.62 seconds
[2019.02.05-22.51.16:804][  0]LogLoad: (Engine Initialization) Total Blueprint compile time: 0.00 seconds
[2019.02.05-22.51.16:909][  0]LogContentStreaming: Texture pool size now 1000 MB
[2019.02.05-22.51.17:116][  3]LogAssetRegistry: Asset discovery search completed in 7.4263 seconds
[2019.02.05-22.51.17:118][  3]LogCollectionManager: Rebuilt the object cache for 0 collections in 0.000000 seconds (found 0 objects)
[2019.02.05-22.51.17:118][  3]LogCollectionManager: Fixed up redirectors for 0 collections in 0.000054 seconds (updated 0 objects)
[2019.02.05-22.51.18:429][  7]LogSlate: Took 0.000291 seconds to synchronously load lazily loaded font '../../../Engine/Content/Slate/Fonts/Roboto-Light.ttf' (167K)
[2019.02.05-22.52.49:845][394]LogSlate: FSceneViewport::OnFocusLost() reason 0
[2019.02.05-22.53.03:304][124]LogAssetEditorManager: Opening Asset editor for Material /Game/Materials/boostCube.boostCube
[2019.02.05-22.53.03:327][124]LogMaterial: Display: Missing cached shader map for material boostCube, compiling. 
[2019.02.05-22.53.04:009][124]LogMaterial: Display: Missing cached shader map for material boostCube, compiling. 
[2019.02.05-22.53.04:026][124]LogMaterial: Display: Missing cached shader map for material boostCube, compiling. 
[2019.02.05-22.53.04:045][124]LogShaderCompilers: Display: Shaders left to compile 21
[2019.02.05-22.53.04:045][124]LogShaderCompilers: Display: Shaders left to compile 20
[2019.02.05-22.53.04:045][124]LogShaderCompilers: Display: Shaders left to compile 19
[2019.02.05-22.53.04:129][124]LogSlate: Took 0.007624 seconds to synchronously load lazily loaded font '../../../Engine/Content/Slate/Fonts/Roboto-BoldCondensed.ttf' (158K)
[2019.02.05-22.53.07:792][316]LogShaderCompilers: Display: Shaders left to compile 18
[2019.02.05-22.53.07:812][317]LogShaderCompilers: Display: Shaders left to compile 17
[2019.02.05-22.53.07:830][318]LogShaderCompilers: Display: Shaders left to compile 16
[2019.02.05-22.53.08:328][347]LogShaderCompilers: Display: Shaders left to compile 15
[2019.02.05-22.53.08:346][348]LogShaderCompilers: Display: Shaders left to compile 14
[2019.02.05-22.53.08:363][349]LogShaderCompilers: Display: Shaders left to compile 13
[2019.02.05-22.53.08:712][369]LogShaderCompilers: Display: Shaders left to compile 12
[2019.02.05-22.53.08:811][375]LogShaderCompilers: Display: Shaders left to compile 11
[2019.02.05-22.53.08:879][379]LogShaderCompilers: Display: Shaders left to compile 10
[2019.02.05-22.53.09:632][422]LogShaderCompilers: Display: Shaders left to compile 9
[2019.02.05-22.53.09:999][443]LogShaderCompilers: Display: Shaders left to compile 8
[2019.02.05-22.53.10:092][448]LogShaderCompilers: Display: Shaders left to compile 7
[2019.02.05-22.53.10:816][491]LogShaderCompilers: Display: Shaders left to compile 6
[2019.02.05-22.53.11:183][512]LogShaderCompilers: Display: Shaders left to compile 5
[2019.02.05-22.53.11:584][535]LogShaderCompilers: Display: Shaders left to compile 4
[2019.02.05-22.53.12:428][583]LogShaderCompilers: Display: Shaders left to compile 3
[2019.02.05-22.53.12:529][589]LogShaderCompilers: Display: Shaders left to compile 2
[2019.02.05-22.53.13:074][620]LogShaderCompilers: Display: Shaders left to compile 1
[2019.02.05-22.53.15:977][791]LogMaterial: Display: Missing cached shader map for material boostCube, compiling. 
[2019.02.05-22.53.16:022][792]LogShaderCompilers: Display: Shaders left to compile 21
[2019.02.05-22.53.16:022][792]LogShaderCompilers: Display: Shaders left to compile 20
[2019.02.05-22.53.16:022][792]LogShaderCompilers: Display: Shaders left to compile 19
[2019.02.05-22.53.17:305][864]LogShaderCompilers: Display: Shaders left to compile 18
[2019.02.05-22.53.17:417][870]LogShaderCompilers: Display: Shaders left to compile 17
[2019.02.05-22.53.17:873][896]LogShaderCompilers: Display: Shaders left to compile 16
[2019.02.05-22.53.18:626][939]LogShaderCompilers: Display: Shaders left to compile 15
[2019.02.05-22.53.18:793][948]LogShaderCompilers: Display: Shaders left to compile 14
[2019.02.05-22.53.19:305][977]LogShaderCompilers: Display: Shaders left to compile 13
[2019.02.05-22.53.20:008][ 17]LogShaderCompilers: Display: Shaders left to compile 12
[2019.02.05-22.53.20:120][ 23]LogShaderCompilers: Display: Shaders left to compile 11
[2019.02.05-22.53.20:760][ 60]LogShaderCompilers: Display: Shaders left to compile 10
[2019.02.05-22.53.21:026][ 74]LogMaterial: Display: Missing cached shader map for material boostCube, compiling. 
[2019.02.05-22.53.22:204][140]LogShaderCompilers: Display: Shaders left to compile 21
[2019.02.05-22.53.22:508][156]LogShaderCompilers: Display: Shaders left to compile 20
[2019.02.05-22.53.22:526][157]LogShaderCompilers: Display: Shaders left to compile 19
[2019.02.05-22.53.22:971][182]LogShaderCompilers: Display: Shaders left to compile 18
[2019.02.05-22.53.23:120][191]LogShaderCompilers: Display: Shaders left to compile 17
[2019.02.05-22.53.23:188][195]LogShaderCompilers: Display: Shaders left to compile 16
[2019.02.05-22.53.23:520][214]LogShaderCompilers: Display: Shaders left to compile 15
[2019.02.05-22.53.23:741][227]LogShaderCompilers: Display: Shaders left to compile 14
[2019.02.05-22.53.23:842][233]LogShaderCompilers: Display: Shaders left to compile 13
[2019.02.05-22.53.24:029][244]LogShaderCompilers: Display: Shaders left to compile 12
[2019.02.05-22.53.24:152][251]LogShaderCompilers: Display: Shaders left to compile 11
[2019.02.05-22.53.24:454][269]LogShaderCompilers: Display: Shaders left to compile 10
[2019.02.05-22.53.25:223][314]LogShaderCompilers: Display: Shaders left to compile 9
[2019.02.05-22.53.25:407][325]LogShaderCompilers: Display: Shaders left to compile 8
[2019.02.05-22.53.25:559][334]LogShaderCompilers: Display: Shaders left to compile 7
[2019.02.05-22.53.26:473][387]LogShaderCompilers: Display: Shaders left to compile 6
[2019.02.05-22.53.26:491][388]LogShaderCompilers: Display: Shaders left to compile 5
[2019.02.05-22.53.26:987][417]LogShaderCompilers: Display: Shaders left to compile 4
[2019.02.05-22.53.27:828][466]LogShaderCompilers: Display: Shaders left to compile 3
[2019.02.05-22.53.28:001][476]LogShaderCompilers: Display: Shaders left to compile 2
[2019.02.05-22.53.28:017][477]LogShaderCompilers: Display: Shaders left to compile 1
[2019.02.05-22.53.35:093][893]MaterialEditorStats: Base pass shader: 103 instructions
[2019.02.05-22.53.35:094][893]MaterialEditorStats: Base pass shader with Volumetric Lightmap: 177 instructions
[2019.02.05-22.53.35:094][893]MaterialEditorStats: Base pass vertex shader: 32 instructions
[2019.02.05-22.53.35:095][893]MaterialEditorStats: Texture samplers: 3/16
[2019.02.05-22.53.35:185][897]LogAssetEditorManager: Opening Asset editor for Material /Game/Materials/Ball.Ball
[2019.02.05-22.53.35:189][897]LogMaterial: Display: Missing cached shader map for material Ball, compiling. 
[2019.02.05-22.53.35:293][897]LogMaterial: Display: Missing cached shader map for material Ball, compiling. 
[2019.02.05-22.53.35:311][897]LogMaterial: Display: Missing cached shader map for material Ball, compiling. 
[2019.02.05-22.53.35:326][897]LogShaderCompilers: Display: Shaders left to compile 21
[2019.02.05-22.53.35:326][897]LogShaderCompilers: Display: Shaders left to compile 20
[2019.02.05-22.53.35:326][897]LogShaderCompilers: Display: Shaders left to compile 19
[2019.02.05-22.53.35:352][897]LogMaterial: Display: Missing cached shader map for material FMatExpressionPreview MaterialExpressionVectorParameter_0, compiling. 
[2019.02.05-22.53.35:539][900]LogSlate: Took 0.010397 seconds to synchronously load lazily loaded font '../../../Engine/Content/Slate/Fonts/Roboto-Italic.ttf' (157K)
[2019.02.05-22.53.36:388][945]LogShaderCompilers: Display: Shaders left to compile 20
[2019.02.05-22.53.36:405][946]LogShaderCompilers: Display: Shaders left to compile 19
[2019.02.05-22.53.36:919][975]LogShaderCompilers: Display: Shaders left to compile 18
[2019.02.05-22.53.37:397][  2]LogShaderCompilers: Display: Shaders left to compile 17
[2019.02.05-22.53.37:414][  3]LogShaderCompilers: Display: Shaders left to compile 16
[2019.02.05-22.53.37:686][ 19]LogShaderCompilers: Display: Shaders left to compile 15
[2019.02.05-22.53.37:863][ 29]LogShaderCompilers: Display: Shaders left to compile 14
[2019.02.05-22.53.38:119][ 44]LogShaderCompilers: Display: Shaders left to compile 13
[2019.02.05-22.53.39:217][107]LogShaderCompilers: Display: Shaders left to compile 12
[2019.02.05-22.53.40:702][191]LogShaderCompilers: Display: Shaders left to compile 11
[2019.02.05-22.53.40:953][205]LogShaderCompilers: Display: Shaders left to compile 10
[2019.02.05-22.53.41:115][214]LogShaderCompilers: Display: Shaders left to compile 9
[2019.02.05-22.53.43:402][329]LogShaderCompilers: Display: Shaders left to compile 8
[2019.02.05-22.53.45:051][413]LogShaderCompilers: Display: Shaders left to compile 7
[2019.02.05-22.53.45:676][448]LogShaderCompilers: Display: Shaders left to compile 6
[2019.02.05-22.53.46:549][496]LogShaderCompilers: Display: Shaders left to compile 5
[2019.02.05-22.53.46:581][498]LogShaderCompilers: Display: Shaders left to compile 4
[2019.02.05-22.53.46:997][522]LogShaderCompilers: Display: Shaders left to compile 3
[2019.02.05-22.53.47:699][562]LogShaderCompilers: Display: Shaders left to compile 2
[2019.02.05-22.53.47:722][563]LogShaderCompilers: Display: Shaders left to compile 1
[2019.02.05-22.53.58:311][194]LogMaterial: Display: Missing cached shader map for material boostCube, compiling. 
[2019.02.05-22.53.58:328][194]LogShaderCompilers: Display: Shaders left to compile 21
[2019.02.05-22.53.58:328][194]LogShaderCompilers: Display: Shaders left to compile 20
[2019.02.05-22.53.58:328][194]LogShaderCompilers: Display: Shaders left to compile 19
[2019.02.05-22.53.58:328][194]LogMaterial: Display: Missing cached shader map for material FMatExpressionPreview MaterialExpressionVectorParameter_0, compiling. 
[2019.02.05-22.53.58:334][194]MaterialEditorStats: Base pass shader: 105 instructions
[2019.02.05-22.53.58:334][194]MaterialEditorStats: Base pass shader with Volumetric Lightmap: 179 instructions
[2019.02.05-22.53.58:334][194]MaterialEditorStats: Base pass vertex shader: 32 instructions
[2019.02.05-22.53.58:334][194]MaterialEditorStats: Texture samplers: 3/16
[2019.02.05-22.54.00:154][294]LogShaderCompilers: Display: Shaders left to compile 20
[2019.02.05-22.54.00:179][295]LogShaderCompilers: Display: Shaders left to compile 19
[2019.02.05-22.54.00:669][323]LogShaderCompilers: Display: Shaders left to compile 18
[2019.02.05-22.54.00:978][341]LogShaderCompilers: Display: Shaders left to compile 17
[2019.02.05-22.54.01:131][349]LogShaderCompilers: Display: Shaders left to compile 16
[2019.02.05-22.54.01:792][386]LogShaderCompilers: Display: Shaders left to compile 15
[2019.02.05-22.54.02:411][420]LogShaderCompilers: Display: Shaders left to compile 14
[2019.02.05-22.54.02:874][446]LogShaderCompilers: Display: Shaders left to compile 13
[2019.02.05-22.54.03:275][469]LogShaderCompilers: Display: Shaders left to compile 12
[2019.02.05-22.54.05:319][583]LogShaderCompilers: Display: Shaders left to compile 11
[2019.02.05-22.54.06:429][646]LogShaderCompilers: Display: Shaders left to compile 10
[2019.02.05-22.54.06:560][652]LogShaderCompilers: Display: Shaders left to compile 9
[2019.02.05-22.54.08:641][760]LogShaderCompilers: Display: Shaders left to compile 8
[2019.02.05-22.54.08:657][761]LogShaderCompilers: Display: Shaders left to compile 7
[2019.02.05-22.54.09:001][781]LogHttp: Warning: 0000024803BB1080: request failed, libcurl error: 6 (Couldn't resolve host name)
[2019.02.05-22.54.09:001][781]LogHttp: Warning: 0000024803BB1080: libcurl info message cache 0 (Connection 0 seems to be dead!)
[2019.02.05-22.54.09:001][781]LogHttp: Warning: 0000024803BB1080: libcurl info message cache 1 (Closing connection 0)
[2019.02.05-22.54.09:001][781]LogHttp: Warning: 0000024803BB1080: libcurl info message cache 2 (TLSv1.2 (OUT), TLS alert, Client hello (1):)
[2019.02.05-22.54.09:001][781]LogHttp: Warning: 0000024803BB1080: libcurl info message cache 3 (Could not resolve host: datarouter.ol.epicgames.com)
[2019.02.05-22.54.09:001][781]LogHttp: Warning: 0000024803BB1080: libcurl info message cache 4 (Closing connection 1)
[2019.02.05-22.54.09:018][782]LogHttp: Warning: Retry exhausted on https://datarouter.ol.epicgames.com/datarouter/api/v1/public/data?SessionID=%7B4349B0D8-4490-AA67-F152-C9B574EEFFF8%7D&AppID=UEEditor.Rocket.Release&AppVersion=4.21.1-4613538%2B%2B%2BUE4%2BRelease-4.21&UserID=9f336627408873493ab25f98ac8a4ca6%7C9ecc5037703149ff92239f44be010919%7C76da6c69-324c-4a1c-927b-d482c08959da&AppEnvironment=datacollector-binary&UploadType=eteventstream
[2019.02.05-22.54.09:067][784]LogMaterial: Display: Missing cached shader map for material boostCube, compiling. 
[2019.02.05-22.54.09:088][784]LogMaterial: Display: Missing cached shader map for material FMatExpressionPreview MaterialExpressionVectorParameter_0, compiling. 
[2019.02.05-22.54.09:104][784]LogShaderCompilers: Display: Shaders left to compile 23
[2019.02.05-22.54.11:452][900]LogShaderCompilers: Display: Shaders left to compile 22
[2019.02.05-22.54.11:790][918]LogShaderCompilers: Display: Shaders left to compile 21
[2019.02.05-22.54.11:893][924]LogShaderCompilers: Display: Shaders left to compile 20
[2019.02.05-22.54.12:182][939]LogMaterial: Display: Missing cached shader map for material boostCube, compiling. 
[2019.02.05-22.54.12:205][939]LogMaterial: Display: Missing cached shader map for material FMatExpressionPreview MaterialExpressionVectorParameter_0, compiling. 
[2019.02.05-22.54.12:246][940]LogShaderCompilers: Display: Shaders left to compile 23
[2019.02.05-22.54.12:707][963]LogShaderCompilers: Display: Shaders left to compile 22
[2019.02.05-22.54.12:863][971]LogShaderCompilers: Display: Shaders left to compile 21
[2019.02.05-22.54.13:041][980]LogMaterial: Display: Missing cached shader map for material boostCube, compiling. 
[2019.02.05-22.54.13:064][980]LogMaterial: Display: Missing cached shader map for material FMatExpressionPreview MaterialExpressionVectorParameter_0, compiling. 
[2019.02.05-22.54.13:091][980]LogSlate: Window 'Color Picker' being destroyed
[2019.02.05-22.54.13:835][ 19]LogShaderCompilers: Display: Shaders left to compile 23
[2019.02.05-22.54.14:185][ 39]LogShaderCompilers: Display: Shaders left to compile 22
[2019.02.05-22.54.14:433][ 52]LogShaderCompilers: Display: Shaders left to compile 21
[2019.02.05-22.54.15:314][101]LogShaderCompilers: Display: Shaders left to compile 20
[2019.02.05-22.54.15:581][116]LogShaderCompilers: Display: Shaders left to compile 19
[2019.02.05-22.54.15:987][139]LogShaderCompilers: Display: Shaders left to compile 18
[2019.02.05-22.54.16:088][145]LogShaderCompilers: Display: Shaders left to compile 17
[2019.02.05-22.54.16:279][156]LogShaderCompilers: Display: Shaders left to compile 16
[2019.02.05-22.54.16:385][162]LogShaderCompilers: Display: Shaders left to compile 15
[2019.02.05-22.54.16:499][168]LogMaterial: Display: Missing cached shader map for material boostCube, compiling. 
[2019.02.05-22.54.16:520][168]LogMaterial: Display: Missing cached shader map for material FMatExpressionPreview MaterialExpressionVectorParameter_0, compiling. 
[2019.02.05-22.54.16:536][168]LogShaderCompilers: Display: Shaders left to compile 21
[2019.02.05-22.54.16:547][168]LogShaderCompilers: Display: Shaders left to compile 22
[2019.02.05-22.54.17:054][196]LogShaderCompilers: Display: Shaders left to compile 21
[2019.02.05-22.54.18:210][260]LogShaderCompilers: Display: Shaders left to compile 20
[2019.02.05-22.54.18:369][269]LogShaderCompilers: Display: Shaders left to compile 19
[2019.02.05-22.54.19:131][313]LogShaderCompilers: Display: Shaders left to compile 18
[2019.02.05-22.54.19:363][326]LogShaderCompilers: Display: Shaders left to compile 17
[2019.02.05-22.54.19:765][349]LogShaderCompilers: Display: Shaders left to compile 16
[2019.02.05-22.54.20:521][391]LogShaderCompilers: Display: Shaders left to compile 15
[2019.02.05-22.54.20:644][398]LogShaderCompilers: Display: Shaders left to compile 14
[2019.02.05-22.54.20:785][406]LogShaderCompilers: Display: Shaders left to compile 13
[2019.02.05-22.54.21:741][458]LogShaderCompilers: Display: Shaders left to compile 12
[2019.02.05-22.54.21:778][460]LogMaterialEditor: Applying material boostCube
[2019.02.05-22.54.22:193][460]LogShaderCompilers: Display: Shaders left to compile 11
[2019.02.05-22.54.22:194][460]LogShaderCompilers: Display: Shaders left to compile 10
[2019.02.05-22.54.22:194][460]LogShaderCompilers: Display: Shaders left to compile 9
[2019.02.05-22.54.22:210][460]LogMaterial: Display: Missing cached shader map for material boostCube, compiling. 
[2019.02.05-22.54.22:280][460]LogMaterial: Display: Missing cached shader map for material boostCube, compiling. 
[2019.02.05-22.54.22:302][460]LogMaterial: Display: Missing cached shader map for material boostCube, compiling. 
[2019.02.05-22.54.22:348][460]LogMaterial: Display: Missing cached shader map for material FDebugViewModeMaterialProxy boostCube, compiling. 
[2019.02.05-22.54.24:194][460]LogShaderCompilers: Display: Shaders left to compile 46
[2019.02.05-22.54.24:194][460]LogShaderCompilers: Display: Shaders left to compile 45
[2019.02.05-22.54.24:194][460]LogShaderCompilers: Display: Shaders left to compile 44
[2019.02.05-22.54.24:194][460]LogShaderCompilers: Display: Shaders left to compile 43
[2019.02.05-22.54.24:194][460]LogShaderCompilers: Display: Shaders left to compile 42
[2019.02.05-22.54.24:194][460]LogShaderCompilers: Display: Shaders left to compile 41
[2019.02.05-22.54.24:194][460]LogShaderCompilers: Display: Shaders left to compile 40
[2019.02.05-22.54.24:194][460]LogShaderCompilers: Display: Shaders left to compile 39
[2019.02.05-22.54.24:195][460]LogShaderCompilers: Display: Shaders left to compile 38
[2019.02.05-22.54.24:195][460]LogShaderCompilers: Display: Shaders left to compile 37
[2019.02.05-22.54.24:195][460]LogShaderCompilers: Display: Shaders left to compile 36
[2019.02.05-22.54.24:195][460]LogShaderCompilers: Display: Shaders left to compile 35
[2019.02.05-22.54.24:195][460]LogShaderCompilers: Display: Shaders left to compile 34
[2019.02.05-22.54.24:195][460]LogShaderCompilers: Display: Shaders left to compile 33
[2019.02.05-22.54.24:195][460]LogShaderCompilers: Display: Shaders left to compile 32
[2019.02.05-22.54.24:195][460]LogShaderCompilers: Display: Shaders left to compile 31
[2019.02.05-22.54.24:195][460]LogShaderCompilers: Display: Shaders left to compile 30
[2019.02.05-22.54.24:195][460]LogShaderCompilers: Display: Shaders left to compile 29
[2019.02.05-22.54.24:195][460]LogShaderCompilers: Display: Shaders left to compile 28
[2019.02.05-22.54.24:195][460]LogShaderCompilers: Display: Shaders left to compile 27
[2019.02.05-22.54.24:195][460]LogShaderCompilers: Display: Shaders left to compile 26
[2019.02.05-22.54.24:195][460]LogShaderCompilers: Display: Shaders left to compile 25
[2019.02.05-22.54.24:195][460]LogShaderCompilers: Display: Shaders left to compile 24
[2019.02.05-22.54.24:195][460]LogShaderCompilers: Display: Shaders left to compile 23
[2019.02.05-22.54.24:195][460]LogShaderCompilers: Display: Shaders left to compile 22
[2019.02.05-22.54.24:195][460]LogShaderCompilers: Display: Shaders left to compile 12
[2019.02.05-22.54.24:197][460]TextureStreamingBuild: Display: Compiling optional shaders took 1.856 seconds.
[2019.02.05-22.54.24:225][460]LogShaderCompilers: Display: Shaders left to compile 2
[2019.02.05-22.54.26:360][564]LogMaterialEditor: Saving and Compiling material boostCube
[2019.02.05-22.54.28:274][564]Cmd: OBJ SAVEPACKAGE PACKAGE="/Game/Materials/boostCube" FILE="../../../../../../UnrealProjects/Pinball/Content/Materials/boostCube.uasset" SILENT=true
[2019.02.05-22.54.28:299][564]LogSavePackage: Moving '../../../../../../UnrealProjects/Pinball/Saved/boostCubeD9870E7D4CB955FAE45CDDA391CE773C.tmp' to '../../../../../../UnrealProjects/Pinball/Content/Materials/boostCube.uasset'
[2019.02.05-22.54.28:317][564]MaterialEditorStats: Base pass shader: 105 instructions
[2019.02.05-22.54.28:317][564]MaterialEditorStats: Base pass shader with Volumetric Lightmap: 179 instructions
[2019.02.05-22.54.28:317][564]MaterialEditorStats: Base pass vertex shader: 32 instructions
[2019.02.05-22.54.28:317][564]MaterialEditorStats: Texture samplers: 3/16
[2019.02.05-22.54.29:030][607]LogSlate: Window 'Ball' being destroyed
[2019.02.05-22.54.29:033][607]LogSlate: Window 'Ball' being destroyed
[2019.02.05-22.54.33:731][875]LogSlate: FSceneViewport::OnFocusLost() reason 0
[2019.02.05-22.54.35:553][984]LogSlate: FSceneViewport::OnFocusLost() reason 0
[2019.02.05-22.54.37:655][110]LogSlate: FSceneViewport::OnFocusLost() reason 0
[2019.02.05-22.54.39:707][233]LogSlate: FSceneViewport::OnFocusLost() reason 0
[2019.02.05-22.54.40:049][237]LogSavePackage: Moving '../../../../../../UnrealProjects/Pinball/Saved/Minimal_Default079E6EA54162E7147C964CB48A6463E3.tmp' to '../../../../../../UnrealProjects/Pinball/Content/StarterContent/Maps/Minimal_Default.umap'
[2019.02.05-22.54.40:094][237]Cmd: OBJ SAVEPACKAGE PACKAGE="/Game/StarterContent/Maps/Minimal_Default_BuiltData" FILE="../../../../../../UnrealProjects/Pinball/Content/StarterContent/Maps/Minimal_Default_BuiltData.uasset" SILENT=true
[2019.02.05-22.54.40:315][237]LogSavePackage: Moving '../../../../../../UnrealProjects/Pinball/Saved/Minimal_Default_BuiltDataCD4E86D545BCAEAE4A9F489622BBB783.tmp' to '../../../../../../UnrealProjects/Pinball/Content/StarterContent/Maps/Minimal_Default_BuiltData.uasset'
